[0531/111057.769:ERROR:process_reader_win.cc(123)] NtOpenThread: {Access Denied} A process has requested access to an object, but has not been granted those access rights. (0xc0000022)
[0531/111057.778:ERROR:exception_snapshot_win.cc(98)] thread ID 20108 not found in process
[0531/111057.783:ERROR:process_reader_win.cc(123)] NtOpenThread: {Access Denied} A process has requested access to an object, but has not been granted those access rights. (0xc0000022)
[0531/111057.784:ERROR:exception_snapshot_win.cc(98)] thread ID 11864 not found in process
[0531/113222.370:ERROR:process_reader_win.cc(123)] NtOpenThread: {Access Denied} A process has requested access to an object, but has not been granted those access rights. (0xc0000022)
[0531/113222.378:ERROR:exception_snapshot_win.cc(98)] thread ID 18112 not found in process
[0531/113222.381:ERROR:process_reader_win.cc(123)] NtOpenThread: {Access Denied} A process has requested access to an object, but has not been granted those access rights. (0xc0000022)
[0531/113222.382:ERROR:exception_snapshot_win.cc(98)] thread ID 5672 not found in process
[0531/120213.914:ERROR:process_reader_win.cc(123)] NtOpenThread: {Access Denied} A process has requested access to an object, but has not been granted those access rights. (0xc0000022)
[0531/120213.920:ERROR:exception_snapshot_win.cc(98)] thread ID 18316 not found in process
[0531/120213.924:ERROR:process_reader_win.cc(123)] NtOpenThread: {Access Denied} A process has requested access to an object, but has not been granted those access rights. (0xc0000022)
[0531/120213.925:ERROR:exception_snapshot_win.cc(98)] thread ID 8708 not found in process
[0531/120714.769:ERROR:process_reader_win.cc(123)] NtOpenThread: {Access Denied} A process has requested access to an object, but has not been granted those access rights. (0xc0000022)
[0531/120714.776:ERROR:exception_snapshot_win.cc(98)] thread ID 21764 not found in process
[0531/120714.786:ERROR:process_reader_win.cc(123)] NtOpenThread: {Access Denied} A process has requested access to an object, but has not been granted those access rights. (0xc0000022)
[0531/120714.787:ERROR:exception_snapshot_win.cc(98)] thread ID 21312 not found in process
[0531/124032.518:ERROR:process_reader_win.cc(123)] NtOpenThread: {Access Denied} A process has requested access to an object, but has not been granted those access rights. (0xc0000022)
[0531/124032.527:ERROR:exception_snapshot_win.cc(98)] thread ID 14092 not found in process
[0531/124032.527:ERROR:process_reader_win.cc(123)] NtOpenThread: {Access Denied} A process has requested access to an object, but has not been granted those access rights. (0xc0000022)
[0531/124032.528:ERROR:exception_snapshot_win.cc(98)] thread ID 2680 not found in process
[0531/125114.024:ERROR:process_reader_win.cc(123)] NtOpenThread: {Access Denied} A process has requested access to an object, but has not been granted those access rights. (0xc0000022)
[0531/125114.032:ERROR:exception_snapshot_win.cc(98)] thread ID 7800 not found in process
[0531/125114.038:ERROR:process_reader_win.cc(123)] NtOpenThread: {Access Denied} A process has requested access to an object, but has not been granted those access rights. (0xc0000022)
[0531/125114.038:ERROR:exception_snapshot_win.cc(98)] thread ID 21548 not found in process
[0531/132803.621:ERROR:process_reader_win.cc(123)] NtOpenThread: {Access Denied} A process has requested access to an object, but has not been granted those access rights. (0xc0000022)
[0531/132803.628:ERROR:exception_snapshot_win.cc(98)] thread ID 21212 not found in process
[0531/132803.634:ERROR:process_reader_win.cc(123)] NtOpenThread: {Access Denied} A process has requested access to an object, but has not been granted those access rights. (0xc0000022)
[0531/132803.634:ERROR:exception_snapshot_win.cc(98)] thread ID 5508 not found in process
[0531/181029.762:ERROR:process_reader_win.cc(151)] SuspendThread: Access is denied. (0x5)
[0531/181029.782:ERROR:process_reader_win.cc(151)] SuspendThread: Access is denied. (0x5)
[0531/181029.782:ERROR:process_reader_win.cc(151)] SuspendThread: Access is denied. (0x5)
[0531/181029.782:ERROR:process_reader_win.cc(151)] SuspendThread: Access is denied. (0x5)
[0531/181029.782:ERROR:process_reader_win.cc(151)] SuspendThread: Access is denied. (0x5)
[0531/181029.780:ERROR:process_reader_win.cc(151)] SuspendThread: Access is denied. (0x5)
[0531/181029.796:ERROR:process_reader_win.cc(151)] SuspendThread: Access is denied. (0x5)
[0531/181029.796:ERROR:process_reader_win.cc(151)] SuspendThread: Access is denied. (0x5)
[0531/181029.796:ERROR:process_reader_win.cc(151)] SuspendThread: Access is denied. (0x5)
[0531/181029.796:ERROR:process_reader_win.cc(151)] SuspendThread: Access is denied. (0x5)
[0531/181029.731:ERROR:process_reader_win.cc(151)] SuspendThread: Access is denied. (0x5)
[0531/181029.852:ERROR:process_reader_win.cc(151)] SuspendThread: Access is denied. (0x5)
[0531/181029.853:ERROR:process_reader_win.cc(151)] SuspendThread: Access is denied. (0x5)
[0531/181029.853:ERROR:process_reader_win.cc(151)] SuspendThread: Access is denied. (0x5)
[0531/181029.853:ERROR:process_reader_win.cc(151)] SuspendThread: Access is denied. (0x5)
[0531/181029.853:ERROR:process_reader_win.cc(123)] NtOpenThread: {Access Denied} A process has requested access to an object, but has not been granted those access rights. (0xc0000022)
[0531/181029.859:ERROR:exception_snapshot_win.cc(98)] thread ID 17284 not found in process
[0531/181029.769:ERROR:process_reader_win.cc(151)] SuspendThread: Access is denied. (0x5)
[0531/181029.860:ERROR:process_reader_win.cc(151)] SuspendThread: Access is denied. (0x5)
[0531/181029.860:ERROR:process_reader_win.cc(151)] SuspendThread: Access is denied. (0x5)
[0531/181029.860:ERROR:process_reader_win.cc(151)] SuspendThread: Access is denied. (0x5)
[0531/181029.860:ERROR:process_reader_win.cc(151)] SuspendThread: Access is denied. (0x5)
[0531/181029.770:ERROR:process_reader_win.cc(151)] SuspendThread: Access is denied. (0x5)
[0531/181029.861:ERROR:process_reader_win.cc(151)] SuspendThread: Access is denied. (0x5)
[0531/181029.861:ERROR:process_reader_win.cc(151)] SuspendThread: Access is denied. (0x5)
[0531/181029.861:ERROR:process_reader_win.cc(151)] SuspendThread: Access is denied. (0x5)
[0531/181029.861:ERROR:process_reader_win.cc(151)] SuspendThread: Access is denied. (0x5)
[0531/181029.861:ERROR:process_reader_win.cc(151)] SuspendThread: Access is denied. (0x5)
[0531/181029.861:ERROR:process_reader_win.cc(151)] SuspendThread: Access is denied. (0x5)
[0531/181029.861:ERROR:process_reader_win.cc(151)] SuspendThread: Access is denied. (0x5)
[0531/181029.861:ERROR:process_reader_win.cc(151)] SuspendThread: Access is denied. (0x5)
[0531/181029.782:ERROR:process_reader_win.cc(123)] NtOpenThread: {Access Denied} A process has requested access to an object, but has not been granted those access rights. (0xc0000022)
[0531/181029.864:ERROR:exception_snapshot_win.cc(98)] thread ID 31648 not found in process
[0531/181029.861:ERROR:process_reader_win.cc(123)] NtOpenThread: {Access Denied} A process has requested access to an object, but has not been granted those access rights. (0xc0000022)
[0531/181029.880:ERROR:exception_snapshot_win.cc(98)] thread ID 30708 not found in process
[0531/181029.796:ERROR:process_reader_win.cc(123)] NtOpenThread: {Access Denied} A process has requested access to an object, but has not been granted those access rights. (0xc0000022)
[0531/181029.888:ERROR:exception_snapshot_win.cc(98)] thread ID 31236 not found in process
[0531/181029.860:ERROR:process_reader_win.cc(123)] NtOpenThread: {Access Denied} A process has requested access to an object, but has not been granted those access rights. (0xc0000022)
[0531/181029.907:ERROR:exception_snapshot_win.cc(98)] thread ID 18816 not found in process
[0531/181029.914:ERROR:process_reader_win.cc(151)] SuspendThread: Access is denied. (0x5)
[0531/181029.914:ERROR:process_reader_win.cc(151)] SuspendThread: Access is denied. (0x5)
[0531/181029.914:ERROR:process_reader_win.cc(151)] SuspendThread: Access is denied. (0x5)
[0531/181029.914:ERROR:process_reader_win.cc(151)] SuspendThread: Access is denied. (0x5)
[0531/181029.914:ERROR:process_reader_win.cc(151)] SuspendThread: Access is denied. (0x5)
[0531/181029.914:ERROR:process_reader_win.cc(151)] SuspendThread: Access is denied. (0x5)
[0531/181029.914:ERROR:process_reader_win.cc(151)] SuspendThread: Access is denied. (0x5)
[0531/181029.914:ERROR:process_reader_win.cc(151)] SuspendThread: Access is denied. (0x5)
[0531/181029.914:ERROR:process_reader_win.cc(151)] SuspendThread: Access is denied. (0x5)
[0531/181029.914:ERROR:process_reader_win.cc(151)] SuspendThread: Access is denied. (0x5)
[0531/181029.914:ERROR:process_reader_win.cc(151)] SuspendThread: Access is denied. (0x5)
[0531/181029.914:ERROR:process_reader_win.cc(151)] SuspendThread: Access is denied. (0x5)
[0531/181029.914:ERROR:process_reader_win.cc(151)] SuspendThread: Access is denied. (0x5)
[0531/181029.914:ERROR:process_reader_win.cc(151)] SuspendThread: Access is denied. (0x5)
[0531/181029.914:ERROR:process_reader_win.cc(151)] SuspendThread: Access is denied. (0x5)
[0531/181029.914:ERROR:process_reader_win.cc(151)] SuspendThread: Access is denied. (0x5)
[0531/181029.914:ERROR:process_reader_win.cc(151)] SuspendThread: Access is denied. (0x5)
[0531/181029.914:ERROR:process_reader_win.cc(151)] SuspendThread: Access is denied. (0x5)
[0531/181029.915:ERROR:process_reader_win.cc(151)] SuspendThread: Access is denied. (0x5)
[0531/181029.915:ERROR:process_reader_win.cc(123)] NtOpenThread: {Access Denied} A process has requested access to an object, but has not been granted those access rights. (0xc0000022)
[0531/181029.915:ERROR:exception_snapshot_win.cc(98)] thread ID 31440 not found in process
[0531/181029.926:ERROR:process_reader_win.cc(151)] SuspendThread: Access is denied. (0x5)
[0531/181029.926:ERROR:process_reader_win.cc(151)] SuspendThread: Access is denied. (0x5)
[0531/181029.926:ERROR:process_reader_win.cc(151)] SuspendThread: Access is denied. (0x5)
[0531/181029.926:ERROR:process_reader_win.cc(151)] SuspendThread: Access is denied. (0x5)
[0531/181029.926:ERROR:process_reader_win.cc(151)] SuspendThread: Access is denied. (0x5)
[0531/181029.926:ERROR:process_reader_win.cc(151)] SuspendThread: Access is denied. (0x5)
[0531/181029.926:ERROR:process_reader_win.cc(151)] SuspendThread: Access is denied. (0x5)
[0531/181029.926:ERROR:process_reader_win.cc(151)] SuspendThread: Access is denied. (0x5)
[0531/181029.927:ERROR:process_reader_win.cc(151)] SuspendThread: Access is denied. (0x5)
[0531/181029.927:ERROR:process_reader_win.cc(151)] SuspendThread: Access is denied. (0x5)
[0531/181029.927:ERROR:process_reader_win.cc(151)] SuspendThread: Access is denied. (0x5)
[0531/181029.927:ERROR:process_reader_win.cc(151)] SuspendThread: Access is denied. (0x5)
[0531/181029.927:ERROR:process_reader_win.cc(151)] SuspendThread: Access is denied. (0x5)
[0531/181029.927:ERROR:process_reader_win.cc(151)] SuspendThread: Access is denied. (0x5)
[0531/181029.927:ERROR:process_reader_win.cc(151)] SuspendThread: Access is denied. (0x5)
[0531/181029.927:ERROR:process_reader_win.cc(151)] SuspendThread: Access is denied. (0x5)
[0531/181029.927:ERROR:process_reader_win.cc(151)] SuspendThread: Access is denied. (0x5)
[0531/181029.927:ERROR:process_reader_win.cc(151)] SuspendThread: Access is denied. (0x5)
[0531/181029.927:ERROR:process_reader_win.cc(123)] NtOpenThread: {Access Denied} A process has requested access to an object, but has not been granted those access rights. (0xc0000022)
[0531/181029.927:ERROR:exception_snapshot_win.cc(98)] thread ID 31372 not found in process
[0531/181029.937:ERROR:process_reader_win.cc(151)] SuspendThread: Access is denied. (0x5)
[0531/181029.937:ERROR:process_reader_win.cc(151)] SuspendThread: Access is denied. (0x5)
[0531/181029.937:ERROR:process_reader_win.cc(151)] SuspendThread: Access is denied. (0x5)
[0531/181029.937:ERROR:process_reader_win.cc(151)] SuspendThread: Access is denied. (0x5)
[0531/181029.937:ERROR:process_reader_win.cc(151)] SuspendThread: Access is denied. (0x5)
[0531/181029.937:ERROR:process_reader_win.cc(151)] SuspendThread: Access is denied. (0x5)
[0531/181029.937:ERROR:process_reader_win.cc(151)] SuspendThread: Access is denied. (0x5)
[0531/181029.937:ERROR:process_reader_win.cc(151)] SuspendThread: Access is denied. (0x5)
[0531/181029.937:ERROR:process_reader_win.cc(151)] SuspendThread: Access is denied. (0x5)
[0531/181029.937:ERROR:process_reader_win.cc(151)] SuspendThread: Access is denied. (0x5)
[0531/181029.937:ERROR:process_reader_win.cc(123)] NtOpenThread: {Access Denied} A process has requested access to an object, but has not been granted those access rights. (0xc0000022)
[0531/181029.937:ERROR:exception_snapshot_win.cc(98)] thread ID 31356 not found in process
[0531/181029.944:ERROR:process_reader_win.cc(151)] SuspendThread: Access is denied. (0x5)
[0531/181029.945:ERROR:process_reader_win.cc(151)] SuspendThread: Access is denied. (0x5)
[0531/181029.945:ERROR:process_reader_win.cc(151)] SuspendThread: Access is denied. (0x5)
[0531/181029.945:ERROR:process_reader_win.cc(151)] SuspendThread: Access is denied. (0x5)
[0531/181029.945:ERROR:process_reader_win.cc(151)] SuspendThread: Access is denied. (0x5)
[0531/181029.945:ERROR:process_reader_win.cc(151)] SuspendThread: Access is denied. (0x5)
[0531/181029.945:ERROR:process_reader_win.cc(151)] SuspendThread: Access is denied. (0x5)
[0531/181029.945:ERROR:process_reader_win.cc(151)] SuspendThread: Access is denied. (0x5)
[0531/181029.945:ERROR:process_reader_win.cc(151)] SuspendThread: Access is denied. (0x5)
[0531/181029.945:ERROR:process_reader_win.cc(151)] SuspendThread: Access is denied. (0x5)
[0531/181029.945:ERROR:process_reader_win.cc(151)] SuspendThread: Access is denied. (0x5)
[0531/181029.945:ERROR:process_reader_win.cc(151)] SuspendThread: Access is denied. (0x5)
[0531/181029.945:ERROR:process_reader_win.cc(151)] SuspendThread: Access is denied. (0x5)
[0531/181029.945:ERROR:process_reader_win.cc(151)] SuspendThread: Access is denied. (0x5)
[0531/181029.945:ERROR:process_reader_win.cc(151)] SuspendThread: Access is denied. (0x5)
[0531/181029.945:ERROR:process_reader_win.cc(151)] SuspendThread: Access is denied. (0x5)
[0531/181029.945:ERROR:process_reader_win.cc(151)] SuspendThread: Access is denied. (0x5)
[0531/181029.945:ERROR:process_reader_win.cc(151)] SuspendThread: Access is denied. (0x5)
[0531/181029.945:ERROR:process_reader_win.cc(151)] SuspendThread: Access is denied. (0x5)
[0531/181029.945:ERROR:process_reader_win.cc(123)] NtOpenThread: {Access Denied} A process has requested access to an object, but has not been granted those access rights. (0xc0000022)
[0531/181029.946:ERROR:exception_snapshot_win.cc(98)] thread ID 31232 not found in process
[0531/181029.960:ERROR:process_reader_win.cc(151)] SuspendThread: Access is denied. (0x5)
[0531/181029.960:ERROR:process_reader_win.cc(151)] SuspendThread: Access is denied. (0x5)
[0531/181029.961:ERROR:process_reader_win.cc(151)] SuspendThread: Access is denied. (0x5)
[0531/181029.961:ERROR:process_reader_win.cc(151)] SuspendThread: Access is denied. (0x5)
[0531/181029.961:ERROR:process_reader_win.cc(151)] SuspendThread: Access is denied. (0x5)
[0531/181029.961:ERROR:process_reader_win.cc(151)] SuspendThread: Access is denied. (0x5)
[0531/181029.961:ERROR:process_reader_win.cc(151)] SuspendThread: Access is denied. (0x5)
[0531/181029.961:ERROR:process_reader_win.cc(151)] SuspendThread: Access is denied. (0x5)
[0531/181029.961:ERROR:process_reader_win.cc(151)] SuspendThread: Access is denied. (0x5)
[0531/181029.961:ERROR:process_reader_win.cc(151)] SuspendThread: Access is denied. (0x5)
[0531/181029.961:ERROR:process_reader_win.cc(151)] SuspendThread: Access is denied. (0x5)
[0531/181029.961:ERROR:process_reader_win.cc(151)] SuspendThread: Access is denied. (0x5)
[0531/181029.961:ERROR:process_reader_win.cc(151)] SuspendThread: Access is denied. (0x5)
[0531/181029.961:ERROR:process_reader_win.cc(151)] SuspendThread: Access is denied. (0x5)
[0531/181029.961:ERROR:process_reader_win.cc(151)] SuspendThread: Access is denied. (0x5)
[0531/181029.961:ERROR:process_reader_win.cc(151)] SuspendThread: Access is denied. (0x5)
[0531/181029.961:ERROR:process_reader_win.cc(151)] SuspendThread: Access is denied. (0x5)
[0531/181029.961:ERROR:process_reader_win.cc(123)] NtOpenThread: {Access Denied} A process has requested access to an object, but has not been granted those access rights. (0xc0000022)
[0531/181029.961:ERROR:exception_snapshot_win.cc(98)] thread ID 31368 not found in process
[0531/181029.964:ERROR:process_reader_win.cc(151)] SuspendThread: Access is denied. (0x5)
[0531/181029.964:ERROR:process_reader_win.cc(151)] SuspendThread: Access is denied. (0x5)
[0531/181029.964:ERROR:process_reader_win.cc(151)] SuspendThread: Access is denied. (0x5)
[0531/181029.964:ERROR:process_reader_win.cc(151)] SuspendThread: Access is denied. (0x5)
[0531/181029.964:ERROR:process_reader_win.cc(151)] SuspendThread: Access is denied. (0x5)
[0531/181029.964:ERROR:process_reader_win.cc(151)] SuspendThread: Access is denied. (0x5)
[0531/181029.965:ERROR:process_reader_win.cc(151)] SuspendThread: Access is denied. (0x5)
[0531/181029.965:ERROR:process_reader_win.cc(151)] SuspendThread: Access is denied. (0x5)
[0531/181029.965:ERROR:process_reader_win.cc(151)] SuspendThread: Access is denied. (0x5)
[0531/181029.965:ERROR:process_reader_win.cc(151)] SuspendThread: Access is denied. (0x5)
[0531/181029.965:ERROR:process_reader_win.cc(151)] SuspendThread: Access is denied. (0x5)
[0531/181029.965:ERROR:process_reader_win.cc(151)] SuspendThread: Access is denied. (0x5)
[0531/181029.965:ERROR:process_reader_win.cc(151)] SuspendThread: Access is denied. (0x5)
[0531/181029.965:ERROR:process_reader_win.cc(151)] SuspendThread: Access is denied. (0x5)
[0531/181029.965:ERROR:process_reader_win.cc(151)] SuspendThread: Access is denied. (0x5)
[0531/181029.965:ERROR:process_reader_win.cc(123)] NtOpenThread: {Access Denied} A process has requested access to an object, but has not been granted those access rights. (0xc0000022)
[0531/181029.965:ERROR:exception_snapshot_win.cc(98)] thread ID 31492 not found in process
[0531/181029.973:ERROR:process_reader_win.cc(151)] SuspendThread: Access is denied. (0x5)
[0531/181029.973:ERROR:process_reader_win.cc(151)] SuspendThread: Access is denied. (0x5)
[0531/181029.973:ERROR:process_reader_win.cc(123)] NtOpenThread: {Access Denied} A process has requested access to an object, but has not been granted those access rights. (0xc0000022)
[0531/181029.974:ERROR:exception_snapshot_win.cc(98)] thread ID 31268 not found in process
[0531/181029.979:ERROR:process_reader_win.cc(151)] SuspendThread: Access is denied. (0x5)
[0531/181029.979:ERROR:process_reader_win.cc(123)] NtOpenThread: {Access Denied} A process has requested access to an object, but has not been granted those access rights. (0xc0000022)
[0531/181029.979:ERROR:exception_snapshot_win.cc(98)] thread ID 31292 not found in process
[0531/181029.994:ERROR:process_reader_win.cc(151)] SuspendThread: Access is denied. (0x5)
[0531/181029.994:ERROR:process_reader_win.cc(151)] SuspendThread: Access is denied. (0x5)
[0531/181029.994:ERROR:process_reader_win.cc(123)] NtOpenThread: {Access Denied} A process has requested access to an object, but has not been granted those access rights. (0xc0000022)
[0531/181029.994:ERROR:exception_snapshot_win.cc(98)] thread ID 31296 not found in process
[0531/181029.833:ERROR:process_reader_win.cc(151)] SuspendThread: Access is denied. (0x5)
[0531/181030.012:ERROR:process_reader_win.cc(151)] SuspendThread: Access is denied. (0x5)
[0531/181030.012:ERROR:process_reader_win.cc(151)] SuspendThread: Access is denied. (0x5)
[0531/181030.012:ERROR:process_reader_win.cc(151)] SuspendThread: Access is denied. (0x5)
[0531/181030.012:ERROR:process_reader_win.cc(151)] SuspendThread: Access is denied. (0x5)
[0531/181030.012:ERROR:process_reader_win.cc(151)] SuspendThread: Access is denied. (0x5)
[0531/181030.013:ERROR:process_reader_win.cc(151)] SuspendThread: Access is denied. (0x5)
[0531/181030.013:ERROR:process_reader_win.cc(151)] SuspendThread: Access is denied. (0x5)
[0531/181030.013:ERROR:process_reader_win.cc(151)] SuspendThread: Access is denied. (0x5)
[0531/181030.013:ERROR:process_reader_win.cc(151)] SuspendThread: Access is denied. (0x5)
[0531/181030.013:ERROR:process_reader_win.cc(151)] SuspendThread: Access is denied. (0x5)
[0531/181030.013:ERROR:process_reader_win.cc(151)] SuspendThread: Access is denied. (0x5)
[0531/181030.013:ERROR:process_reader_win.cc(151)] SuspendThread: Access is denied. (0x5)
[0531/181030.013:ERROR:process_reader_win.cc(151)] SuspendThread: Access is denied. (0x5)
[0531/181029.846:ERROR:process_reader_win.cc(151)] SuspendThread: Access is denied. (0x5)
[0531/181030.022:ERROR:process_reader_win.cc(151)] SuspendThread: Access is denied. (0x5)
[0531/181030.022:ERROR:process_reader_win.cc(151)] SuspendThread: Access is denied. (0x5)
[0531/181030.022:ERROR:process_reader_win.cc(151)] SuspendThread: Access is denied. (0x5)
[0531/181030.023:ERROR:process_reader_win.cc(151)] SuspendThread: Access is denied. (0x5)
[0531/181030.023:ERROR:process_reader_win.cc(151)] SuspendThread: Access is denied. (0x5)
[0531/181030.023:ERROR:process_reader_win.cc(151)] SuspendThread: Access is denied. (0x5)
[0531/181030.023:ERROR:process_reader_win.cc(151)] SuspendThread: Access is denied. (0x5)
[0531/181030.023:ERROR:process_reader_win.cc(151)] SuspendThread: Access is denied. (0x5)
[0531/181029.847:ERROR:process_reader_win.cc(151)] SuspendThread: Access is denied. (0x5)
[0531/181030.025:ERROR:process_reader_win.cc(151)] SuspendThread: Access is denied. (0x5)
[0531/181030.025:ERROR:process_reader_win.cc(151)] SuspendThread: Access is denied. (0x5)
[0531/181030.025:ERROR:process_reader_win.cc(151)] SuspendThread: Access is denied. (0x5)
[0531/181030.025:ERROR:process_reader_win.cc(151)] SuspendThread: Access is denied. (0x5)
[0531/181030.025:ERROR:process_reader_win.cc(151)] SuspendThread: Access is denied. (0x5)
[0531/181030.025:ERROR:process_reader_win.cc(151)] SuspendThread: Access is denied. (0x5)
[0531/181030.025:ERROR:process_reader_win.cc(151)] SuspendThread: Access is denied. (0x5)
[0531/181030.025:ERROR:process_reader_win.cc(151)] SuspendThread: Access is denied. (0x5)
[0531/181030.025:ERROR:process_reader_win.cc(151)] SuspendThread: Access is denied. (0x5)
[0531/181030.025:ERROR:process_reader_win.cc(151)] SuspendThread: Access is denied. (0x5)
[0531/181030.025:ERROR:process_reader_win.cc(151)] SuspendThread: Access is denied. (0x5)
[0531/181030.025:ERROR:process_reader_win.cc(151)] SuspendThread: Access is denied. (0x5)
[0531/181030.025:ERROR:process_reader_win.cc(151)] SuspendThread: Access is denied. (0x5)
[0531/181030.025:ERROR:process_reader_win.cc(151)] SuspendThread: Access is denied. (0x5)
[0531/181030.025:ERROR:process_reader_win.cc(151)] SuspendThread: Access is denied. (0x5)
[0531/181030.025:ERROR:process_reader_win.cc(151)] SuspendThread: Access is denied. (0x5)
[0531/181030.026:ERROR:process_reader_win.cc(151)] SuspendThread: Access is denied. (0x5)
[0531/181030.026:ERROR:process_reader_win.cc(151)] SuspendThread: Access is denied. (0x5)
[0531/181029.969:ERROR:process_reader_win.cc(151)] SuspendThread: Access is denied. (0x5)
[0531/181030.030:ERROR:process_reader_win.cc(123)] NtOpenThread: {Access Denied} A process has requested access to an object, but has not been granted those access rights. (0xc0000022)
[0531/181029.983:ERROR:process_reader_win.cc(151)] SuspendThread: Access is denied. (0x5)
[0531/181029.995:ERROR:process_reader_win.cc(151)] SuspendThread: Access is denied. (0x5)
[0531/181030.030:ERROR:exception_snapshot_win.cc(98)] thread ID 20200 not found in process
[0531/181030.030:ERROR:process_reader_win.cc(151)] SuspendThread: Access is denied. (0x5)
[0531/181030.026:ERROR:process_reader_win.cc(123)] NtOpenThread: {Access Denied} A process has requested access to an object, but has not been granted those access rights. (0xc0000022)
[0531/181030.036:ERROR:exception_snapshot_win.cc(98)] thread ID 1188 not found in process
[0531/181030.030:ERROR:process_reader_win.cc(123)] NtOpenThread: {Access Denied} A process has requested access to an object, but has not been granted those access rights. (0xc0000022)
[0531/181030.013:ERROR:process_reader_win.cc(123)] NtOpenThread: {Access Denied} A process has requested access to an object, but has not been granted those access rights. (0xc0000022)
[0531/181030.045:ERROR:exception_snapshot_win.cc(98)] thread ID 20756 not found in process
[0531/181030.031:ERROR:process_reader_win.cc(123)] NtOpenThread: {Access Denied} A process has requested access to an object, but has not been granted those access rights. (0xc0000022)
[0531/181030.046:ERROR:exception_snapshot_win.cc(98)] thread ID 31312 not found in process
[0531/181030.047:ERROR:exception_snapshot_win.cc(98)] thread ID 31708 not found in process
[0531/181030.065:ERROR:process_reader_win.cc(151)] SuspendThread: Access is denied. (0x5)
[0531/181030.065:ERROR:process_reader_win.cc(151)] SuspendThread: Access is denied. (0x5)
[0531/181030.066:ERROR:process_reader_win.cc(123)] NtOpenThread: {Access Denied} A process has requested access to an object, but has not been granted those access rights. (0xc0000022)
[0531/181030.066:ERROR:exception_snapshot_win.cc(98)] thread ID 31200 not found in process
[0531/181030.023:ERROR:process_reader_win.cc(123)] NtOpenThread: An invalid Client ID was specified. (0xc000000b)
[0531/181030.075:ERROR:process_reader_win.cc(151)] SuspendThread: Access is denied. (0x5)
[0531/181030.075:ERROR:process_reader_win.cc(151)] SuspendThread: Access is denied. (0x5)
[0531/181030.075:ERROR:process_reader_win.cc(151)] SuspendThread: Access is denied. (0x5)
[0531/181030.075:ERROR:process_reader_win.cc(151)] SuspendThread: Access is denied. (0x5)
[0531/181030.075:ERROR:process_reader_win.cc(151)] SuspendThread: Access is denied. (0x5)
[0531/181030.075:ERROR:process_reader_win.cc(151)] SuspendThread: Access is denied. (0x5)
[0531/181030.075:ERROR:process_reader_win.cc(151)] SuspendThread: Access is denied. (0x5)
[0531/181030.075:ERROR:process_reader_win.cc(151)] SuspendThread: Access is denied. (0x5)
[0531/181030.075:ERROR:process_reader_win.cc(151)] SuspendThread: Access is denied. (0x5)
[0531/181030.075:ERROR:process_reader_win.cc(151)] SuspendThread: Access is denied. (0x5)
[0531/181030.075:ERROR:process_reader_win.cc(151)] SuspendThread: Access is denied. (0x5)
[0531/181030.075:ERROR:process_reader_win.cc(151)] SuspendThread: Access is denied. (0x5)
[0531/181030.075:ERROR:process_reader_win.cc(151)] SuspendThread: Access is denied. (0x5)
[0531/181030.075:ERROR:process_reader_win.cc(151)] SuspendThread: Access is denied. (0x5)
[0531/181030.075:ERROR:process_reader_win.cc(151)] SuspendThread: Access is denied. (0x5)
[0531/181030.076:ERROR:process_reader_win.cc(151)] SuspendThread: Access is denied. (0x5)
[0531/181030.076:ERROR:process_reader_win.cc(151)] SuspendThread: Access is denied. (0x5)
[0531/181030.076:ERROR:process_reader_win.cc(151)] SuspendThread: Access is denied. (0x5)
[0531/181030.076:ERROR:process_reader_win.cc(151)] SuspendThread: Access is denied. (0x5)
[0531/181030.076:ERROR:process_reader_win.cc(151)] SuspendThread: Access is denied. (0x5)
[0531/181030.077:ERROR:process_reader_win.cc(151)] SuspendThread: Access is denied. (0x5)
[0531/181030.079:ERROR:process_reader_win.cc(151)] SuspendThread: Access is denied. (0x5)
[0531/181030.079:ERROR:process_reader_win.cc(151)] SuspendThread: Access is denied. (0x5)
[0531/181030.079:ERROR:process_reader_win.cc(123)] NtOpenThread: {Access Denied} A process has requested access to an object, but has not been granted those access rights. (0xc0000022)
[0531/181030.080:ERROR:exception_snapshot_win.cc(98)] thread ID 27248 not found in process
[0531/181030.168:ERROR:process_reader_win.cc(151)] SuspendThread: Access is denied. (0x5)
[0531/181030.185:ERROR:process_reader_win.cc(151)] SuspendThread: Access is denied. (0x5)
[0531/181030.180:ERROR:process_reader_win.cc(123)] NtOpenThread: {Access Denied} A process has requested access to an object, but has not been granted those access rights. (0xc0000022)
[0531/181030.187:ERROR:exception_snapshot_win.cc(98)] thread ID 3984 not found in process
[0531/181030.186:ERROR:process_reader_win.cc(151)] SuspendThread: Access is denied. (0x5)
[0531/181030.187:ERROR:process_reader_win.cc(151)] SuspendThread: Access is denied. (0x5)
[0531/181030.187:ERROR:process_reader_win.cc(151)] SuspendThread: Access is denied. (0x5)
[0531/181030.187:ERROR:process_reader_win.cc(151)] SuspendThread: Access is denied. (0x5)
[0531/181030.187:ERROR:process_reader_win.cc(151)] SuspendThread: Access is denied. (0x5)
[0531/181030.187:ERROR:process_reader_win.cc(151)] SuspendThread: Access is denied. (0x5)
[0531/181030.187:ERROR:process_reader_win.cc(151)] SuspendThread: Access is denied. (0x5)
[0531/181030.187:ERROR:process_reader_win.cc(151)] SuspendThread: Access is denied. (0x5)
[0531/181030.187:ERROR:process_reader_win.cc(151)] SuspendThread: Access is denied. (0x5)
[0531/181030.187:ERROR:process_reader_win.cc(151)] SuspendThread: Access is denied. (0x5)
[0531/181030.187:ERROR:process_reader_win.cc(151)] SuspendThread: Access is denied. (0x5)
[0531/181030.187:ERROR:process_reader_win.cc(151)] SuspendThread: Access is denied. (0x5)
[0531/181030.187:ERROR:process_reader_win.cc(151)] SuspendThread: Access is denied. (0x5)
[0531/181030.188:ERROR:process_reader_win.cc(151)] SuspendThread: Access is denied. (0x5)
[0531/181030.188:ERROR:process_reader_win.cc(151)] SuspendThread: Access is denied. (0x5)
[0531/181030.188:ERROR:process_reader_win.cc(151)] SuspendThread: Access is denied. (0x5)
[0531/181030.188:ERROR:process_reader_win.cc(151)] SuspendThread: Access is denied. (0x5)
[0531/181030.188:ERROR:process_reader_win.cc(151)] SuspendThread: Access is denied. (0x5)
[0531/181030.188:ERROR:process_reader_win.cc(151)] SuspendThread: Access is denied. (0x5)
[0531/181030.188:ERROR:process_reader_win.cc(151)] SuspendThread: Access is denied. (0x5)
[0531/181030.188:ERROR:process_reader_win.cc(151)] SuspendThread: Access is denied. (0x5)
[0531/181030.188:ERROR:process_reader_win.cc(151)] SuspendThread: Access is denied. (0x5)
[0531/181030.188:ERROR:process_reader_win.cc(123)] NtOpenThread: {Access Denied} A process has requested access to an object, but has not been granted those access rights. (0xc0000022)
[0531/181030.181:ERROR:process_reader_win.cc(123)] NtOpenThread: {Access Denied} A process has requested access to an object, but has not been granted those access rights. (0xc0000022)
[0531/181030.189:ERROR:exception_snapshot_win.cc(98)] thread ID 31020 not found in process
[0531/181030.189:ERROR:exception_snapshot_win.cc(98)] thread ID 31240 not found in process
[0531/181030.185:ERROR:process_reader_win.cc(123)] NtOpenThread: {Access Denied} A process has requested access to an object, but has not been granted those access rights. (0xc0000022)
[0531/181030.191:ERROR:exception_snapshot_win.cc(98)] thread ID 31212 not found in process
[0531/181030.197:ERROR:process_reader_win.cc(151)] SuspendThread: Access is denied. (0x5)
[0531/181030.198:ERROR:process_reader_win.cc(151)] SuspendThread: Access is denied. (0x5)
[0531/181030.198:ERROR:process_reader_win.cc(151)] SuspendThread: Access is denied. (0x5)
[0531/181030.198:ERROR:process_reader_win.cc(151)] SuspendThread: Access is denied. (0x5)
[0531/181030.198:ERROR:process_reader_win.cc(151)] SuspendThread: Access is denied. (0x5)
[0531/181030.198:ERROR:process_reader_win.cc(151)] SuspendThread: Access is denied. (0x5)
[0531/181030.198:ERROR:process_reader_win.cc(123)] NtOpenThread: {Access Denied} A process has requested access to an object, but has not been granted those access rights. (0xc0000022)
[0531/181030.198:ERROR:exception_snapshot_win.cc(98)] thread ID 31428 not found in process
[0531/181030.201:ERROR:process_reader_win.cc(123)] NtOpenThread: {Access Denied} A process has requested access to an object, but has not been granted those access rights. (0xc0000022)
[0531/181030.202:ERROR:exception_snapshot_win.cc(98)] thread ID 31476 not found in process
[0531/181030.188:ERROR:process_reader_win.cc(151)] SuspendThread: Access is denied. (0x5)
[0531/181030.202:ERROR:process_reader_win.cc(123)] NtOpenThread: {Access Denied} A process has requested access to an object, but has not been granted those access rights. (0xc0000022)
[0531/181030.202:ERROR:process_reader_win.cc(123)] NtOpenThread: {Access Denied} A process has requested access to an object, but has not been granted those access rights. (0xc0000022)
[0531/181030.210:ERROR:exception_snapshot_win.cc(98)] thread ID 31360 not found in process
[0531/181030.210:ERROR:exception_snapshot_win.cc(98)] thread ID 31472 not found in process
[0531/181030.197:ERROR:process_reader_win.cc(151)] SuspendThread: Access is denied. (0x5)
[0531/181030.212:ERROR:process_reader_win.cc(151)] SuspendThread: Access is denied. (0x5)
[0531/181030.212:ERROR:process_reader_win.cc(151)] SuspendThread: Access is denied. (0x5)
[0531/181030.204:ERROR:process_reader_win.cc(123)] NtOpenThread: {Access Denied} A process has requested access to an object, but has not been granted those access rights. (0xc0000022)
[0531/181030.213:ERROR:exception_snapshot_win.cc(98)] thread ID 8732 not found in process
[0531/181030.208:ERROR:process_reader_win.cc(123)] NtOpenThread: {Access Denied} A process has requested access to an object, but has not been granted those access rights. (0xc0000022)
[0531/181030.216:ERROR:exception_snapshot_win.cc(98)] thread ID 10840 not found in process
[0531/181030.076:ERROR:process_reader_win.cc(123)] NtOpenThread: {Access Denied} A process has requested access to an object, but has not been granted those access rights. (0xc0000022)
[0531/181030.217:ERROR:exception_snapshot_win.cc(98)] thread ID 31432 not found in process
[0531/181030.212:ERROR:process_reader_win.cc(123)] NtOpenThread: {Access Denied} A process has requested access to an object, but has not been granted those access rights. (0xc0000022)
[0531/181030.219:ERROR:exception_snapshot_win.cc(98)] thread ID 31256 not found in process
[0531/181030.233:ERROR:process_reader_win.cc(123)] NtOpenThread: {Access Denied} A process has requested access to an object, but has not been granted those access rights. (0xc0000022)
[0531/181030.234:ERROR:exception_snapshot_win.cc(98)] thread ID 31284 not found in process
[0531/181030.315:ERROR:process_reader_win.cc(151)] SuspendThread: Access is denied. (0x5)
[0531/181030.315:ERROR:process_reader_win.cc(151)] SuspendThread: Access is denied. (0x5)
[0531/181030.315:ERROR:process_reader_win.cc(123)] NtOpenThread: {Access Denied} A process has requested access to an object, but has not been granted those access rights. (0xc0000022)
[0531/181030.316:ERROR:exception_snapshot_win.cc(98)] thread ID 26340 not found in process
[0531/181039.989:ERROR:process_reader_win.cc(123)] NtOpenThread: {Access Denied} A process has requested access to an object, but has not been granted those access rights. (0xc0000022)
[0531/181039.989:ERROR:exception_snapshot_win.cc(98)] thread ID 29684 not found in process
[0531/181152.173:ERROR:process_reader_win.cc(151)] SuspendThread: Access is denied. (0x5)
[0531/181152.195:ERROR:process_reader_win.cc(151)] SuspendThread: Access is denied. (0x5)
[0531/181152.196:ERROR:process_reader_win.cc(151)] SuspendThread: Access is denied. (0x5)
[0531/181152.196:ERROR:process_reader_win.cc(123)] NtOpenThread: {Access Denied} A process has requested access to an object, but has not been granted those access rights. (0xc0000022)
[0531/181152.208:ERROR:exception_snapshot_win.cc(98)] thread ID 16616 not found in process
[0531/181152.240:ERROR:process_reader_win.cc(151)] SuspendThread: Access is denied. (0x5)
[0531/181152.263:ERROR:process_reader_win.cc(151)] SuspendThread: Access is denied. (0x5)
[0531/181152.263:ERROR:process_reader_win.cc(151)] SuspendThread: Access is denied. (0x5)
[0531/181152.263:ERROR:process_reader_win.cc(151)] SuspendThread: Access is denied. (0x5)
[0531/181152.263:ERROR:process_reader_win.cc(151)] SuspendThread: Access is denied. (0x5)
[0531/181152.263:ERROR:process_reader_win.cc(151)] SuspendThread: Access is denied. (0x5)
[0531/181152.263:ERROR:process_reader_win.cc(151)] SuspendThread: Access is denied. (0x5)
[0531/181152.235:ERROR:process_reader_win.cc(151)] SuspendThread: Access is denied. (0x5)
[0531/181152.240:ERROR:process_reader_win.cc(151)] SuspendThread: Access is denied. (0x5)
[0531/181152.265:ERROR:process_reader_win.cc(151)] SuspendThread: Access is denied. (0x5)
[0531/181152.265:ERROR:process_reader_win.cc(151)] SuspendThread: Access is denied. (0x5)
[0531/181152.265:ERROR:process_reader_win.cc(151)] SuspendThread: Access is denied. (0x5)
[0531/181152.265:ERROR:process_reader_win.cc(151)] SuspendThread: Access is denied. (0x5)
[0531/181152.265:ERROR:process_reader_win.cc(151)] SuspendThread: Access is denied. (0x5)
[0531/181152.265:ERROR:process_reader_win.cc(151)] SuspendThread: Access is denied. (0x5)
[0531/181152.265:ERROR:process_reader_win.cc(151)] SuspendThread: Access is denied. (0x5)
[0531/181152.265:ERROR:process_reader_win.cc(151)] SuspendThread: Access is denied. (0x5)
[0531/181152.265:ERROR:process_reader_win.cc(151)] SuspendThread: Access is denied. (0x5)
[0531/181152.265:ERROR:process_reader_win.cc(151)] SuspendThread: Access is denied. (0x5)
[0531/181152.265:ERROR:process_reader_win.cc(151)] SuspendThread: Access is denied. (0x5)
[0531/181152.266:ERROR:process_reader_win.cc(151)] SuspendThread: Access is denied. (0x5)
[0531/181152.266:ERROR:process_reader_win.cc(151)] SuspendThread: Access is denied. (0x5)
[0531/181152.266:ERROR:process_reader_win.cc(151)] SuspendThread: Access is denied. (0x5)
[0531/181152.266:ERROR:process_reader_win.cc(151)] SuspendThread: Access is denied. (0x5)
[0531/181152.266:ERROR:process_reader_win.cc(151)] SuspendThread: Access is denied. (0x5)
[0531/181152.266:ERROR:process_reader_win.cc(151)] SuspendThread: Access is denied. (0x5)
[0531/181152.266:ERROR:process_reader_win.cc(151)] SuspendThread: Access is denied. (0x5)
[0531/181152.266:ERROR:process_reader_win.cc(151)] SuspendThread: Access is denied. (0x5)
[0531/181152.266:ERROR:process_reader_win.cc(151)] SuspendThread: Access is denied. (0x5)
[0531/181152.266:ERROR:process_reader_win.cc(151)] SuspendThread: Access is denied. (0x5)
[0531/181152.266:ERROR:process_reader_win.cc(151)] SuspendThread: Access is denied. (0x5)
[0531/181152.266:ERROR:process_reader_win.cc(151)] SuspendThread: Access is denied. (0x5)
[0531/181152.266:ERROR:process_reader_win.cc(151)] SuspendThread: Access is denied. (0x5)
[0531/181152.266:ERROR:process_reader_win.cc(151)] SuspendThread: Access is denied. (0x5)
[0531/181152.266:ERROR:process_reader_win.cc(151)] SuspendThread: Access is denied. (0x5)
[0531/181152.266:ERROR:process_reader_win.cc(151)] SuspendThread: Access is denied. (0x5)
[0531/181152.266:ERROR:process_reader_win.cc(151)] SuspendThread: Access is denied. (0x5)
[0531/181152.267:ERROR:process_reader_win.cc(151)] SuspendThread: Access is denied. (0x5)
[0531/181152.280:ERROR:process_reader_win.cc(151)] SuspendThread: Access is denied. (0x5)
[0531/181152.280:ERROR:process_reader_win.cc(151)] SuspendThread: Access is denied. (0x5)
[0531/181152.280:ERROR:process_reader_win.cc(151)] SuspendThread: Access is denied. (0x5)
[0531/181152.280:ERROR:process_reader_win.cc(151)] SuspendThread: Access is denied. (0x5)
[0531/181152.280:ERROR:process_reader_win.cc(151)] SuspendThread: Access is denied. (0x5)
[0531/181152.280:ERROR:process_reader_win.cc(151)] SuspendThread: Access is denied. (0x5)
[0531/181152.280:ERROR:process_reader_win.cc(123)] NtOpenThread: {Access Denied} A process has requested access to an object, but has not been granted those access rights. (0xc0000022)
[0531/181152.280:ERROR:exception_snapshot_win.cc(98)] thread ID 27104 not found in process
[0531/181152.302:ERROR:process_reader_win.cc(151)] SuspendThread: Access is denied. (0x5)
[0531/181152.302:ERROR:process_reader_win.cc(151)] SuspendThread: Access is denied. (0x5)
[0531/181152.303:ERROR:process_reader_win.cc(151)] SuspendThread: Access is denied. (0x5)
[0531/181152.304:ERROR:process_reader_win.cc(151)] SuspendThread: Access is denied. (0x5)
[0531/181152.263:ERROR:process_reader_win.cc(123)] NtOpenThread: {Access Denied} A process has requested access to an object, but has not been granted those access rights. (0xc0000022)
[0531/181152.327:ERROR:exception_snapshot_win.cc(98)] thread ID 1568 not found in process
[0531/181152.267:ERROR:process_reader_win.cc(123)] NtOpenThread: {Access Denied} A process has requested access to an object, but has not been granted those access rights. (0xc0000022)
[0531/181152.330:ERROR:exception_snapshot_win.cc(98)] thread ID 29852 not found in process
[0531/181152.265:ERROR:process_reader_win.cc(123)] NtOpenThread: {Access Denied} A process has requested access to an object, but has not been granted those access rights. (0xc0000022)
[0531/181152.334:ERROR:exception_snapshot_win.cc(98)] thread ID 16764 not found in process
[0531/181152.302:ERROR:process_reader_win.cc(123)] NtOpenThread: {Access Denied} A process has requested access to an object, but has not been granted those access rights. (0xc0000022)
[0531/181152.335:ERROR:exception_snapshot_win.cc(98)] thread ID 26064 not found in process
[0531/181152.304:ERROR:process_reader_win.cc(123)] NtOpenThread: {Access Denied} A process has requested access to an object, but has not been granted those access rights. (0xc0000022)
[0531/181152.338:ERROR:exception_snapshot_win.cc(98)] thread ID 26564 not found in process
[0531/181152.297:ERROR:process_reader_win.cc(123)] NtOpenThread: {Access Denied} A process has requested access to an object, but has not been granted those access rights. (0xc0000022)
[0531/181152.350:ERROR:exception_snapshot_win.cc(98)] thread ID 22340 not found in process
[0531/181152.291:ERROR:process_reader_win.cc(151)] SuspendThread: Access is denied. (0x5)
[0531/181152.350:ERROR:process_reader_win.cc(151)] SuspendThread: Access is denied. (0x5)
[0531/181152.350:ERROR:process_reader_win.cc(151)] SuspendThread: Access is denied. (0x5)
[0531/181152.350:ERROR:process_reader_win.cc(151)] SuspendThread: Access is denied. (0x5)
[0531/181152.350:ERROR:process_reader_win.cc(151)] SuspendThread: Access is denied. (0x5)
[0531/181152.350:ERROR:process_reader_win.cc(151)] SuspendThread: Access is denied. (0x5)
[0531/181152.350:ERROR:process_reader_win.cc(151)] SuspendThread: Access is denied. (0x5)
[0531/181152.300:ERROR:process_reader_win.cc(151)] SuspendThread: Access is denied. (0x5)
[0531/181152.350:ERROR:process_reader_win.cc(151)] SuspendThread: Access is denied. (0x5)
[0531/181152.350:ERROR:process_reader_win.cc(151)] SuspendThread: Access is denied. (0x5)
[0531/181152.350:ERROR:process_reader_win.cc(151)] SuspendThread: Access is denied. (0x5)
[0531/181152.350:ERROR:process_reader_win.cc(151)] SuspendThread: Access is denied. (0x5)
[0531/181152.350:ERROR:process_reader_win.cc(151)] SuspendThread: Access is denied. (0x5)
[0531/181152.351:ERROR:process_reader_win.cc(151)] SuspendThread: Access is denied. (0x5)
[0531/181152.290:ERROR:process_reader_win.cc(151)] SuspendThread: Access is denied. (0x5)
[0531/181152.350:ERROR:process_reader_win.cc(123)] NtOpenThread: {Access Denied} A process has requested access to an object, but has not been granted those access rights. (0xc0000022)
[0531/181152.359:ERROR:exception_snapshot_win.cc(98)] thread ID 27036 not found in process
[0531/181152.351:ERROR:process_reader_win.cc(123)] NtOpenThread: {Access Denied} A process has requested access to an object, but has not been granted those access rights. (0xc0000022)
[0531/181152.361:ERROR:exception_snapshot_win.cc(98)] thread ID 24800 not found in process
[0531/181152.394:ERROR:process_reader_win.cc(151)] SuspendThread: Access is denied. (0x5)
[0531/181152.394:ERROR:process_reader_win.cc(151)] SuspendThread: Access is denied. (0x5)
[0531/181152.394:ERROR:process_reader_win.cc(151)] SuspendThread: Access is denied. (0x5)
[0531/181152.394:ERROR:process_reader_win.cc(151)] SuspendThread: Access is denied. (0x5)
[0531/181152.394:ERROR:process_reader_win.cc(123)] NtOpenThread: {Access Denied} A process has requested access to an object, but has not been granted those access rights. (0xc0000022)
[0531/181152.394:ERROR:exception_snapshot_win.cc(98)] thread ID 7864 not found in process
[0531/181152.396:ERROR:process_reader_win.cc(151)] SuspendThread: Access is denied. (0x5)
[0531/181152.396:ERROR:process_reader_win.cc(151)] SuspendThread: Access is denied. (0x5)
[0531/181152.396:ERROR:process_reader_win.cc(151)] SuspendThread: Access is denied. (0x5)
[0531/181152.396:ERROR:process_reader_win.cc(151)] SuspendThread: Access is denied. (0x5)
[0531/181152.396:ERROR:process_reader_win.cc(151)] SuspendThread: Access is denied. (0x5)
[0531/181152.396:ERROR:process_reader_win.cc(151)] SuspendThread: Access is denied. (0x5)
[0531/181152.396:ERROR:process_reader_win.cc(151)] SuspendThread: Access is denied. (0x5)
[0531/181152.396:ERROR:process_reader_win.cc(151)] SuspendThread: Access is denied. (0x5)
[0531/181152.396:ERROR:process_reader_win.cc(151)] SuspendThread: Access is denied. (0x5)
[0531/181152.396:ERROR:process_reader_win.cc(151)] SuspendThread: Access is denied. (0x5)
[0531/181152.396:ERROR:process_reader_win.cc(151)] SuspendThread: Access is denied. (0x5)
[0531/181152.396:ERROR:process_reader_win.cc(151)] SuspendThread: Access is denied. (0x5)
[0531/181152.397:ERROR:process_reader_win.cc(151)] SuspendThread: Access is denied. (0x5)
[0531/181152.397:ERROR:process_reader_win.cc(151)] SuspendThread: Access is denied. (0x5)
[0531/181152.397:ERROR:process_reader_win.cc(151)] SuspendThread: Access is denied. (0x5)
[0531/181152.397:ERROR:process_reader_win.cc(151)] SuspendThread: Access is denied. (0x5)
[0531/181152.397:ERROR:process_reader_win.cc(151)] SuspendThread: Access is denied. (0x5)
[0531/181152.397:ERROR:process_reader_win.cc(151)] SuspendThread: Access is denied. (0x5)
[0531/181152.397:ERROR:process_reader_win.cc(123)] NtOpenThread: {Access Denied} A process has requested access to an object, but has not been granted those access rights. (0xc0000022)
[0531/181152.397:ERROR:exception_snapshot_win.cc(98)] thread ID 2648 not found in process
[0531/181152.400:ERROR:process_reader_win.cc(123)] NtOpenThread: {Access Denied} A process has requested access to an object, but has not been granted those access rights. (0xc0000022)
[0531/181152.400:ERROR:exception_snapshot_win.cc(98)] thread ID 26960 not found in process
[0531/181152.403:ERROR:process_reader_win.cc(151)] SuspendThread: Access is denied. (0x5)
[0531/181152.404:ERROR:process_reader_win.cc(151)] SuspendThread: Access is denied. (0x5)
[0531/181152.404:ERROR:process_reader_win.cc(151)] SuspendThread: Access is denied. (0x5)
[0531/181152.404:ERROR:process_reader_win.cc(151)] SuspendThread: Access is denied. (0x5)
[0531/181152.404:ERROR:process_reader_win.cc(151)] SuspendThread: Access is denied. (0x5)
[0531/181152.404:ERROR:process_reader_win.cc(151)] SuspendThread: Access is denied. (0x5)
[0531/181152.404:ERROR:process_reader_win.cc(151)] SuspendThread: Access is denied. (0x5)
[0531/181152.404:ERROR:process_reader_win.cc(151)] SuspendThread: Access is denied. (0x5)
[0531/181152.404:ERROR:process_reader_win.cc(151)] SuspendThread: Access is denied. (0x5)
[0531/181152.404:ERROR:process_reader_win.cc(151)] SuspendThread: Access is denied. (0x5)
[0531/181152.404:ERROR:process_reader_win.cc(151)] SuspendThread: Access is denied. (0x5)
[0531/181152.404:ERROR:process_reader_win.cc(151)] SuspendThread: Access is denied. (0x5)
[0531/181152.404:ERROR:process_reader_win.cc(151)] SuspendThread: Access is denied. (0x5)
[0531/181152.404:ERROR:process_reader_win.cc(151)] SuspendThread: Access is denied. (0x5)
[0531/181152.404:ERROR:process_reader_win.cc(151)] SuspendThread: Access is denied. (0x5)
[0531/181152.404:ERROR:process_reader_win.cc(151)] SuspendThread: Access is denied. (0x5)
[0531/181152.404:ERROR:process_reader_win.cc(151)] SuspendThread: Access is denied. (0x5)
[0531/181152.404:ERROR:process_reader_win.cc(151)] SuspendThread: Access is denied. (0x5)
[0531/181152.404:ERROR:process_reader_win.cc(123)] NtOpenThread: {Access Denied} A process has requested access to an object, but has not been granted those access rights. (0xc0000022)
[0531/181152.404:ERROR:exception_snapshot_win.cc(98)] thread ID 20692 not found in process
[0531/181152.405:ERROR:process_reader_win.cc(151)] SuspendThread: Access is denied. (0x5)
[0531/181152.405:ERROR:process_reader_win.cc(151)] SuspendThread: Access is denied. (0x5)
[0531/181152.405:ERROR:process_reader_win.cc(151)] SuspendThread: Access is denied. (0x5)
[0531/181152.405:ERROR:process_reader_win.cc(151)] SuspendThread: Access is denied. (0x5)
[0531/181152.405:ERROR:process_reader_win.cc(151)] SuspendThread: Access is denied. (0x5)
[0531/181152.405:ERROR:process_reader_win.cc(151)] SuspendThread: Access is denied. (0x5)
[0531/181152.405:ERROR:process_reader_win.cc(151)] SuspendThread: Access is denied. (0x5)
[0531/181152.405:ERROR:process_reader_win.cc(151)] SuspendThread: Access is denied. (0x5)
[0531/181152.405:ERROR:process_reader_win.cc(151)] SuspendThread: Access is denied. (0x5)
[0531/181152.406:ERROR:process_reader_win.cc(151)] SuspendThread: Access is denied. (0x5)
[0531/181152.406:ERROR:process_reader_win.cc(151)] SuspendThread: Access is denied. (0x5)
[0531/181152.406:ERROR:process_reader_win.cc(151)] SuspendThread: Access is denied. (0x5)
[0531/181152.406:ERROR:process_reader_win.cc(151)] SuspendThread: Access is denied. (0x5)
[0531/181152.406:ERROR:process_reader_win.cc(151)] SuspendThread: Access is denied. (0x5)
[0531/181152.406:ERROR:process_reader_win.cc(151)] SuspendThread: Access is denied. (0x5)
[0531/181152.406:ERROR:process_reader_win.cc(123)] NtOpenThread: {Access Denied} A process has requested access to an object, but has not been granted those access rights. (0xc0000022)
[0531/181152.406:ERROR:exception_snapshot_win.cc(98)] thread ID 16432 not found in process
[0531/181152.315:ERROR:process_reader_win.cc(151)] SuspendThread: Access is denied. (0x5)
[0531/181152.426:ERROR:process_reader_win.cc(151)] SuspendThread: Access is denied. (0x5)
[0531/181152.426:ERROR:process_reader_win.cc(151)] SuspendThread: Access is denied. (0x5)
[0531/181152.426:ERROR:process_reader_win.cc(151)] SuspendThread: Access is denied. (0x5)
[0531/181152.352:ERROR:process_reader_win.cc(123)] NtOpenThread: {Access Denied} A process has requested access to an object, but has not been granted those access rights. (0xc0000022)
[0531/181152.432:ERROR:exception_snapshot_win.cc(98)] thread ID 10328 not found in process
[0531/181152.433:ERROR:process_reader_win.cc(151)] SuspendThread: Access is denied. (0x5)
[0531/181152.433:ERROR:process_reader_win.cc(151)] SuspendThread: Access is denied. (0x5)
[0531/181152.388:ERROR:process_reader_win.cc(151)] SuspendThread: Access is denied. (0x5)
[0531/181152.446:ERROR:process_reader_win.cc(151)] SuspendThread: Access is denied. (0x5)
[0531/181152.446:ERROR:process_reader_win.cc(151)] SuspendThread: Access is denied. (0x5)
[0531/181152.426:ERROR:process_reader_win.cc(123)] NtOpenThread: {Access Denied} A process has requested access to an object, but has not been granted those access rights. (0xc0000022)
[0531/181152.448:ERROR:exception_snapshot_win.cc(98)] thread ID 7976 not found in process
[0531/181152.400:ERROR:process_reader_win.cc(151)] SuspendThread: Access is denied. (0x5)
[0531/181152.448:ERROR:process_reader_win.cc(151)] SuspendThread: Access is denied. (0x5)
[0531/181152.448:ERROR:process_reader_win.cc(151)] SuspendThread: Access is denied. (0x5)
[0531/181152.448:ERROR:process_reader_win.cc(151)] SuspendThread: Access is denied. (0x5)
[0531/181152.448:ERROR:process_reader_win.cc(151)] SuspendThread: Access is denied. (0x5)
[0531/181152.448:ERROR:process_reader_win.cc(151)] SuspendThread: Access is denied. (0x5)
[0531/181152.448:ERROR:process_reader_win.cc(151)] SuspendThread: Access is denied. (0x5)
[0531/181152.448:ERROR:process_reader_win.cc(151)] SuspendThread: Access is denied. (0x5)
[0531/181152.448:ERROR:process_reader_win.cc(151)] SuspendThread: Access is denied. (0x5)
[0531/181152.433:ERROR:process_reader_win.cc(123)] NtOpenThread: {Access Denied} A process has requested access to an object, but has not been granted those access rights. (0xc0000022)
[0531/181152.455:ERROR:exception_snapshot_win.cc(98)] thread ID 31728 not found in process
[0531/181152.446:ERROR:process_reader_win.cc(123)] NtOpenThread: {Access Denied} A process has requested access to an object, but has not been granted those access rights. (0xc0000022)
[0531/181152.466:ERROR:exception_snapshot_win.cc(98)] thread ID 17028 not found in process
[0531/181152.416:ERROR:process_reader_win.cc(151)] SuspendThread: Access is denied. (0x5)
[0531/181152.467:ERROR:process_reader_win.cc(151)] SuspendThread: Access is denied. (0x5)
[0531/181152.448:ERROR:process_reader_win.cc(123)] NtOpenThread: {Access Denied} A process has requested access to an object, but has not been granted those access rights. (0xc0000022)
[0531/181152.474:ERROR:exception_snapshot_win.cc(98)] thread ID 28972 not found in process
[0531/181152.444:ERROR:process_reader_win.cc(151)] SuspendThread: Access is denied. (0x5)
[0531/181152.485:ERROR:process_reader_win.cc(151)] SuspendThread: Access is denied. (0x5)
[0531/181152.485:ERROR:process_reader_win.cc(151)] SuspendThread: Access is denied. (0x5)
[0531/181152.468:ERROR:process_reader_win.cc(123)] NtOpenThread: {Access Denied} A process has requested access to an object, but has not been granted those access rights. (0xc0000022)
[0531/181152.487:ERROR:exception_snapshot_win.cc(98)] thread ID 26820 not found in process
[0531/181152.486:ERROR:process_reader_win.cc(151)] SuspendThread: Access is denied. (0x5)
[0531/181152.487:ERROR:process_reader_win.cc(151)] SuspendThread: Access is denied. (0x5)
[0531/181152.487:ERROR:process_reader_win.cc(151)] SuspendThread: Access is denied. (0x5)
[0531/181152.487:ERROR:process_reader_win.cc(151)] SuspendThread: Access is denied. (0x5)
[0531/181152.487:ERROR:process_reader_win.cc(151)] SuspendThread: Access is denied. (0x5)
[0531/181152.487:ERROR:process_reader_win.cc(123)] NtOpenThread: {Access Denied} A process has requested access to an object, but has not been granted those access rights. (0xc0000022)
[0531/181152.488:ERROR:exception_snapshot_win.cc(98)] thread ID 9504 not found in process
[0531/181152.490:ERROR:process_reader_win.cc(151)] SuspendThread: Access is denied. (0x5)
[0531/181152.490:ERROR:process_reader_win.cc(151)] SuspendThread: Access is denied. (0x5)
[0531/181152.490:ERROR:process_reader_win.cc(151)] SuspendThread: Access is denied. (0x5)
[0531/181152.490:ERROR:process_reader_win.cc(123)] NtOpenThread: {Access Denied} A process has requested access to an object, but has not been granted those access rights. (0xc0000022)
[0531/181152.490:ERROR:exception_snapshot_win.cc(98)] thread ID 31584 not found in process
[0531/181152.494:ERROR:process_reader_win.cc(151)] SuspendThread: Access is denied. (0x5)
[0531/181152.495:ERROR:process_reader_win.cc(151)] SuspendThread: Access is denied. (0x5)
[0531/181152.495:ERROR:process_reader_win.cc(123)] NtOpenThread: {Access Denied} A process has requested access to an object, but has not been granted those access rights. (0xc0000022)
[0531/181152.495:ERROR:exception_snapshot_win.cc(98)] thread ID 8256 not found in process
[0531/181152.485:ERROR:process_reader_win.cc(123)] NtOpenThread: {Access Denied} A process has requested access to an object, but has not been granted those access rights. (0xc0000022)
[0531/181152.498:ERROR:exception_snapshot_win.cc(98)] thread ID 26344 not found in process
[0531/181152.526:ERROR:process_reader_win.cc(151)] SuspendThread: Access is denied. (0x5)
[0531/181152.527:ERROR:process_reader_win.cc(151)] SuspendThread: Access is denied. (0x5)
[0531/181152.527:ERROR:process_reader_win.cc(123)] NtOpenThread: {Access Denied} A process has requested access to an object, but has not been granted those access rights. (0xc0000022)
[0531/181152.527:ERROR:exception_snapshot_win.cc(98)] thread ID 26968 not found in process
[0531/181157.283:ERROR:process_reader_win.cc(123)] NtOpenThread: {Access Denied} A process has requested access to an object, but has not been granted those access rights. (0xc0000022)
[0531/181157.283:ERROR:exception_snapshot_win.cc(98)] thread ID 26088 not found in process
[0531/181410.349:ERROR:process_reader_win.cc(123)] NtOpenThread: {Access Denied} A process has requested access to an object, but has not been granted those access rights. (0xc0000022)
[0531/181410.409:ERROR:exception_snapshot_win.cc(98)] thread ID 27616 not found in process
[0531/181410.383:ERROR:process_reader_win.cc(151)] SuspendThread: Access is denied. (0x5)
[0531/181410.468:ERROR:process_reader_win.cc(151)] SuspendThread: Access is denied. (0x5)
[0531/181410.468:ERROR:process_reader_win.cc(123)] NtOpenThread: {Access Denied} A process has requested access to an object, but has not been granted those access rights. (0xc0000022)
[0531/181410.510:ERROR:exception_snapshot_win.cc(98)] thread ID 17084 not found in process
[0531/181410.484:ERROR:process_reader_win.cc(151)] SuspendThread: Access is denied. (0x5)
[0531/181410.528:ERROR:process_reader_win.cc(151)] SuspendThread: Access is denied. (0x5)
[0531/181410.472:ERROR:process_reader_win.cc(151)] SuspendThread: Access is denied. (0x5)
[0531/181410.528:ERROR:process_reader_win.cc(151)] SuspendThread: Access is denied. (0x5)
[0531/181410.528:ERROR:process_reader_win.cc(151)] SuspendThread: Access is denied. (0x5)
[0531/181410.528:ERROR:process_reader_win.cc(151)] SuspendThread: Access is denied. (0x5)
[0531/181410.528:ERROR:process_reader_win.cc(151)] SuspendThread: Access is denied. (0x5)
[0531/181410.528:ERROR:process_reader_win.cc(151)] SuspendThread: Access is denied. (0x5)
[0531/181410.528:ERROR:process_reader_win.cc(151)] SuspendThread: Access is denied. (0x5)
[0531/181410.528:ERROR:process_reader_win.cc(151)] SuspendThread: Access is denied. (0x5)
[0531/181410.528:ERROR:process_reader_win.cc(151)] SuspendThread: Access is denied. (0x5)
[0531/181410.528:ERROR:process_reader_win.cc(151)] SuspendThread: Access is denied. (0x5)
[0531/181410.528:ERROR:process_reader_win.cc(151)] SuspendThread: Access is denied. (0x5)
[0531/181410.528:ERROR:process_reader_win.cc(151)] SuspendThread: Access is denied. (0x5)
[0531/181410.528:ERROR:process_reader_win.cc(151)] SuspendThread: Access is denied. (0x5)
[0531/181410.529:ERROR:process_reader_win.cc(151)] SuspendThread: Access is denied. (0x5)
[0531/181410.529:ERROR:process_reader_win.cc(151)] SuspendThread: Access is denied. (0x5)
[0531/181410.529:ERROR:process_reader_win.cc(151)] SuspendThread: Access is denied. (0x5)
[0531/181410.529:ERROR:process_reader_win.cc(151)] SuspendThread: Access is denied. (0x5)
[0531/181410.529:ERROR:process_reader_win.cc(151)] SuspendThread: Access is denied. (0x5)
[0531/181410.529:ERROR:process_reader_win.cc(151)] SuspendThread: Access is denied. (0x5)
[0531/181410.529:ERROR:process_reader_win.cc(151)] SuspendThread: Access is denied. (0x5)
[0531/181410.529:ERROR:process_reader_win.cc(151)] SuspendThread: Access is denied. (0x5)
[0531/181410.529:ERROR:process_reader_win.cc(151)] SuspendThread: Access is denied. (0x5)
[0531/181410.529:ERROR:process_reader_win.cc(151)] SuspendThread: Access is denied. (0x5)
[0531/181410.529:ERROR:process_reader_win.cc(151)] SuspendThread: Access is denied. (0x5)
[0531/181410.529:ERROR:process_reader_win.cc(151)] SuspendThread: Access is denied. (0x5)
[0531/181410.529:ERROR:process_reader_win.cc(151)] SuspendThread: Access is denied. (0x5)
[0531/181410.529:ERROR:process_reader_win.cc(151)] SuspendThread: Access is denied. (0x5)
[0531/181410.529:ERROR:process_reader_win.cc(151)] SuspendThread: Access is denied. (0x5)
[0531/181410.529:ERROR:process_reader_win.cc(151)] SuspendThread: Access is denied. (0x5)
[0531/181410.529:ERROR:process_reader_win.cc(151)] SuspendThread: Access is denied. (0x5)
[0531/181410.529:ERROR:process_reader_win.cc(151)] SuspendThread: Access is denied. (0x5)
[0531/181410.529:ERROR:process_reader_win.cc(151)] SuspendThread: Access is denied. (0x5)
[0531/181410.463:ERROR:process_reader_win.cc(151)] SuspendThread: Access is denied. (0x5)
[0531/181410.534:ERROR:process_reader_win.cc(151)] SuspendThread: Access is denied. (0x5)
[0531/181410.534:ERROR:process_reader_win.cc(151)] SuspendThread: Access is denied. (0x5)
[0531/181410.534:ERROR:process_reader_win.cc(151)] SuspendThread: Access is denied. (0x5)
[0531/181410.534:ERROR:process_reader_win.cc(151)] SuspendThread: Access is denied. (0x5)
[0531/181410.534:ERROR:process_reader_win.cc(151)] SuspendThread: Access is denied. (0x5)
[0531/181410.534:ERROR:process_reader_win.cc(151)] SuspendThread: Access is denied. (0x5)
[0531/181410.534:ERROR:process_reader_win.cc(151)] SuspendThread: Access is denied. (0x5)
[0531/181410.534:ERROR:process_reader_win.cc(151)] SuspendThread: Access is denied. (0x5)
[0531/181410.534:ERROR:process_reader_win.cc(151)] SuspendThread: Access is denied. (0x5)
[0531/181410.534:ERROR:process_reader_win.cc(151)] SuspendThread: Access is denied. (0x5)
[0531/181410.534:ERROR:process_reader_win.cc(151)] SuspendThread: Access is denied. (0x5)
[0531/181410.534:ERROR:process_reader_win.cc(151)] SuspendThread: Access is denied. (0x5)
[0531/181410.534:ERROR:process_reader_win.cc(151)] SuspendThread: Access is denied. (0x5)
[0531/181410.535:ERROR:process_reader_win.cc(151)] SuspendThread: Access is denied. (0x5)
[0531/181410.535:ERROR:process_reader_win.cc(123)] NtOpenThread: {Access Denied} A process has requested access to an object, but has not been granted those access rights. (0xc0000022)
[0531/181410.550:ERROR:exception_snapshot_win.cc(98)] thread ID 12552 not found in process
[0531/181410.528:ERROR:process_reader_win.cc(123)] NtOpenThread: {Access Denied} A process has requested access to an object, but has not been granted those access rights. (0xc0000022)
[0531/181410.551:ERROR:exception_snapshot_win.cc(98)] thread ID 18680 not found in process
[0531/181410.529:ERROR:process_reader_win.cc(123)] NtOpenThread: {Access Denied} A process has requested access to an object, but has not been granted those access rights. (0xc0000022)
[0531/181410.556:ERROR:exception_snapshot_win.cc(98)] thread ID 25984 not found in process
[0531/181410.514:ERROR:process_reader_win.cc(151)] SuspendThread: Access is denied. (0x5)
[0531/181410.563:ERROR:process_reader_win.cc(151)] SuspendThread: Access is denied. (0x5)
[0531/181410.563:ERROR:process_reader_win.cc(151)] SuspendThread: Access is denied. (0x5)
[0531/181410.563:ERROR:process_reader_win.cc(151)] SuspendThread: Access is denied. (0x5)
[0531/181410.563:ERROR:process_reader_win.cc(151)] SuspendThread: Access is denied. (0x5)
[0531/181410.563:ERROR:process_reader_win.cc(151)] SuspendThread: Access is denied. (0x5)
[0531/181410.563:ERROR:process_reader_win.cc(123)] NtOpenThread: {Access Denied} A process has requested access to an object, but has not been granted those access rights. (0xc0000022)
[0531/181410.577:ERROR:exception_snapshot_win.cc(98)] thread ID 2680 not found in process
[0531/181410.581:ERROR:process_reader_win.cc(151)] SuspendThread: Access is denied. (0x5)
[0531/181410.581:ERROR:process_reader_win.cc(151)] SuspendThread: Access is denied. (0x5)
[0531/181410.581:ERROR:process_reader_win.cc(151)] SuspendThread: Access is denied. (0x5)
[0531/181410.581:ERROR:process_reader_win.cc(151)] SuspendThread: Access is denied. (0x5)
[0531/181410.581:ERROR:process_reader_win.cc(151)] SuspendThread: Access is denied. (0x5)
[0531/181410.581:ERROR:process_reader_win.cc(151)] SuspendThread: Access is denied. (0x5)
[0531/181410.581:ERROR:process_reader_win.cc(151)] SuspendThread: Access is denied. (0x5)
[0531/181410.581:ERROR:process_reader_win.cc(151)] SuspendThread: Access is denied. (0x5)
[0531/181410.581:ERROR:process_reader_win.cc(151)] SuspendThread: Access is denied. (0x5)
[0531/181410.581:ERROR:process_reader_win.cc(151)] SuspendThread: Access is denied. (0x5)
[0531/181410.581:ERROR:process_reader_win.cc(151)] SuspendThread: Access is denied. (0x5)
[0531/181410.581:ERROR:process_reader_win.cc(123)] NtOpenThread: {Access Denied} A process has requested access to an object, but has not been granted those access rights. (0xc0000022)
[0531/181410.581:ERROR:exception_snapshot_win.cc(98)] thread ID 17876 not found in process
[0531/181410.563:ERROR:process_reader_win.cc(151)] SuspendThread: Access is denied. (0x5)
[0531/181410.593:ERROR:process_reader_win.cc(151)] SuspendThread: Access is denied. (0x5)
[0531/181410.593:ERROR:process_reader_win.cc(151)] SuspendThread: Access is denied. (0x5)
[0531/181410.593:ERROR:process_reader_win.cc(151)] SuspendThread: Access is denied. (0x5)
[0531/181410.593:ERROR:process_reader_win.cc(151)] SuspendThread: Access is denied. (0x5)
[0531/181410.593:ERROR:process_reader_win.cc(151)] SuspendThread: Access is denied. (0x5)
[0531/181410.593:ERROR:process_reader_win.cc(151)] SuspendThread: Access is denied. (0x5)
[0531/181410.593:ERROR:process_reader_win.cc(151)] SuspendThread: Access is denied. (0x5)
[0531/181410.593:ERROR:process_reader_win.cc(123)] NtOpenThread: {Access Denied} A process has requested access to an object, but has not been granted those access rights. (0xc0000022)
[0531/181410.613:ERROR:exception_snapshot_win.cc(98)] thread ID 10888 not found in process
[0531/181410.626:ERROR:process_reader_win.cc(151)] SuspendThread: Access is denied. (0x5)
[0531/181410.627:ERROR:process_reader_win.cc(151)] SuspendThread: Access is denied. (0x5)
[0531/181410.627:ERROR:process_reader_win.cc(123)] NtOpenThread: {Access Denied} A process has requested access to an object, but has not been granted those access rights. (0xc0000022)
[0531/181410.627:ERROR:exception_snapshot_win.cc(98)] thread ID 25192 not found in process
[0531/181410.588:ERROR:process_reader_win.cc(151)] SuspendThread: Access is denied. (0x5)
[0531/181410.655:ERROR:process_reader_win.cc(151)] SuspendThread: Access is denied. (0x5)
[0531/181410.655:ERROR:process_reader_win.cc(151)] SuspendThread: Access is denied. (0x5)
[0531/181410.655:ERROR:process_reader_win.cc(123)] NtOpenThread: {Access Denied} A process has requested access to an object, but has not been granted those access rights. (0xc0000022)
[0531/181410.655:ERROR:exception_snapshot_win.cc(98)] thread ID 25860 not found in process
[0531/181410.634:ERROR:process_reader_win.cc(123)] NtOpenThread: {Access Denied} A process has requested access to an object, but has not been granted those access rights. (0xc0000022)
[0531/181410.656:ERROR:exception_snapshot_win.cc(98)] thread ID 18728 not found in process
[0531/181410.607:ERROR:process_reader_win.cc(151)] SuspendThread: Access is denied. (0x5)
[0531/181410.621:ERROR:process_reader_win.cc(151)] SuspendThread: Access is denied. (0x5)
[0531/181410.662:ERROR:process_reader_win.cc(151)] SuspendThread: Access is denied. (0x5)
[0531/181410.662:ERROR:process_reader_win.cc(151)] SuspendThread: Access is denied. (0x5)
[0531/181410.662:ERROR:process_reader_win.cc(151)] SuspendThread: Access is denied. (0x5)
[0531/181410.521:ERROR:process_reader_win.cc(151)] SuspendThread: Access is denied. (0x5)
[0531/181410.662:ERROR:process_reader_win.cc(151)] SuspendThread: Access is denied. (0x5)
[0531/181410.662:ERROR:process_reader_win.cc(151)] SuspendThread: Access is denied. (0x5)
[0531/181410.662:ERROR:process_reader_win.cc(151)] SuspendThread: Access is denied. (0x5)
[0531/181410.663:ERROR:process_reader_win.cc(151)] SuspendThread: Access is denied. (0x5)
[0531/181410.662:ERROR:process_reader_win.cc(151)] SuspendThread: Access is denied. (0x5)
[0531/181410.663:ERROR:process_reader_win.cc(151)] SuspendThread: Access is denied. (0x5)
[0531/181410.662:ERROR:process_reader_win.cc(151)] SuspendThread: Access is denied. (0x5)
[0531/181410.663:ERROR:process_reader_win.cc(151)] SuspendThread: Access is denied. (0x5)
[0531/181410.663:ERROR:process_reader_win.cc(151)] SuspendThread: Access is denied. (0x5)
[0531/181410.576:ERROR:process_reader_win.cc(151)] SuspendThread: Access is denied. (0x5)
[0531/181410.669:ERROR:process_reader_win.cc(151)] SuspendThread: Access is denied. (0x5)
[0531/181410.670:ERROR:process_reader_win.cc(151)] SuspendThread: Access is denied. (0x5)
[0531/181410.670:ERROR:process_reader_win.cc(151)] SuspendThread: Access is denied. (0x5)
[0531/181410.670:ERROR:process_reader_win.cc(151)] SuspendThread: Access is denied. (0x5)
[0531/181410.670:ERROR:process_reader_win.cc(151)] SuspendThread: Access is denied. (0x5)
[0531/181410.670:ERROR:process_reader_win.cc(151)] SuspendThread: Access is denied. (0x5)
[0531/181410.670:ERROR:process_reader_win.cc(151)] SuspendThread: Access is denied. (0x5)
[0531/181410.670:ERROR:process_reader_win.cc(151)] SuspendThread: Access is denied. (0x5)
[0531/181410.670:ERROR:process_reader_win.cc(151)] SuspendThread: Access is denied. (0x5)
[0531/181410.670:ERROR:process_reader_win.cc(151)] SuspendThread: Access is denied. (0x5)
[0531/181410.670:ERROR:process_reader_win.cc(151)] SuspendThread: Access is denied. (0x5)
[0531/181410.670:ERROR:process_reader_win.cc(151)] SuspendThread: Access is denied. (0x5)
[0531/181410.672:ERROR:process_reader_win.cc(151)] SuspendThread: Access is denied. (0x5)
[0531/181410.672:ERROR:process_reader_win.cc(151)] SuspendThread: Access is denied. (0x5)
[0531/181410.672:ERROR:process_reader_win.cc(151)] SuspendThread: Access is denied. (0x5)
[0531/181410.672:ERROR:process_reader_win.cc(151)] SuspendThread: Access is denied. (0x5)
[0531/181410.672:ERROR:process_reader_win.cc(123)] NtOpenThread: {Access Denied} A process has requested access to an object, but has not been granted those access rights. (0xc0000022)
[0531/181410.672:ERROR:exception_snapshot_win.cc(98)] thread ID 20648 not found in process
[0531/181410.659:ERROR:process_reader_win.cc(123)] NtOpenThread: {Access Denied} A process has requested access to an object, but has not been granted those access rights. (0xc0000022)
[0531/181410.681:ERROR:exception_snapshot_win.cc(98)] thread ID 23988 not found in process
[0531/181410.662:ERROR:process_reader_win.cc(123)] NtOpenThread: {Access Denied} A process has requested access to an object, but has not been granted those access rights. (0xc0000022)
[0531/181410.681:ERROR:exception_snapshot_win.cc(98)] thread ID 28264 not found in process
[0531/181410.657:ERROR:process_reader_win.cc(123)] NtOpenThread: {Access Denied} A process has requested access to an object, but has not been granted those access rights. (0xc0000022)
[0531/181410.682:ERROR:exception_snapshot_win.cc(98)] thread ID 28116 not found in process
[0531/181410.663:ERROR:process_reader_win.cc(123)] NtOpenThread: {Access Denied} A process has requested access to an object, but has not been granted those access rights. (0xc0000022)
[0531/181410.685:ERROR:exception_snapshot_win.cc(98)] thread ID 21968 not found in process
[0531/181410.663:ERROR:process_reader_win.cc(123)] NtOpenThread: {Access Denied} A process has requested access to an object, but has not been granted those access rights. (0xc0000022)
[0531/181410.687:ERROR:exception_snapshot_win.cc(98)] thread ID 16508 not found in process
[0531/181410.663:ERROR:process_reader_win.cc(123)] NtOpenThread: {Access Denied} A process has requested access to an object, but has not been granted those access rights. (0xc0000022)
[0531/181410.687:ERROR:exception_snapshot_win.cc(98)] thread ID 14064 not found in process
[0531/181410.670:ERROR:process_reader_win.cc(123)] NtOpenThread: {Access Denied} A process has requested access to an object, but has not been granted those access rights. (0xc0000022)
[0531/181410.690:ERROR:exception_snapshot_win.cc(98)] thread ID 12616 not found in process
[0531/181410.646:ERROR:process_reader_win.cc(151)] SuspendThread: Access is denied. (0x5)
[0531/181410.692:ERROR:process_reader_win.cc(151)] SuspendThread: Access is denied. (0x5)
[0531/181410.693:ERROR:process_reader_win.cc(123)] NtOpenThread: {Access Denied} A process has requested access to an object, but has not been granted those access rights. (0xc0000022)
[0531/181410.693:ERROR:exception_snapshot_win.cc(98)] thread ID 7792 not found in process
[0531/181418.758:ERROR:process_reader_win.cc(123)] NtOpenThread: {Access Denied} A process has requested access to an object, but has not been granted those access rights. (0xc0000022)
[0531/181418.759:ERROR:exception_snapshot_win.cc(98)] thread ID 29608 not found in process
[0531/181418.760:ERROR:process_reader_win.cc(123)] NtOpenThread: {Access Denied} A process has requested access to an object, but has not been granted those access rights. (0xc0000022)
[0531/181418.760:ERROR:exception_snapshot_win.cc(98)] thread ID 25196 not found in process
[0531/181418.760:ERROR:process_reader_win.cc(123)] NtOpenThread: {Access Denied} A process has requested access to an object, but has not been granted those access rights. (0xc0000022)
[0531/181418.769:ERROR:exception_snapshot_win.cc(98)] thread ID 29640 not found in process
[0531/181418.769:ERROR:exception_snapshot_win.cc(98)] thread ID 28704 not found in process
[0531/181418.776:ERROR:process_reader_win.cc(123)] NtOpenThread: {Access Denied} A process has requested access to an object, but has not been granted those access rights. (0xc0000022)
[0531/181418.777:ERROR:exception_snapshot_win.cc(98)] thread ID 9608 not found in process
[0531/182137.201:ERROR:process_reader_win.cc(151)] SuspendThread: Access is denied. (0x5)
[0531/182137.229:ERROR:process_reader_win.cc(151)] SuspendThread: Access is denied. (0x5)
[0531/182137.229:ERROR:process_reader_win.cc(151)] SuspendThread: Access is denied. (0x5)
[0531/182137.229:ERROR:process_reader_win.cc(151)] SuspendThread: Access is denied. (0x5)
[0531/182137.229:ERROR:process_reader_win.cc(151)] SuspendThread: Access is denied. (0x5)
[0531/182137.229:ERROR:process_reader_win.cc(123)] NtOpenThread: {Access Denied} A process has requested access to an object, but has not been granted those access rights. (0xc0000022)
[0531/182137.244:ERROR:exception_snapshot_win.cc(98)] thread ID 23776 not found in process
[0531/182137.345:ERROR:process_reader_win.cc(151)] SuspendThread: Access is denied. (0x5)
[0531/182137.380:ERROR:process_reader_win.cc(151)] SuspendThread: Access is denied. (0x5)
[0531/182137.380:ERROR:process_reader_win.cc(151)] SuspendThread: Access is denied. (0x5)
[0531/182137.380:ERROR:process_reader_win.cc(151)] SuspendThread: Access is denied. (0x5)
[0531/182137.380:ERROR:process_reader_win.cc(151)] SuspendThread: Access is denied. (0x5)
[0531/182137.380:ERROR:process_reader_win.cc(151)] SuspendThread: Access is denied. (0x5)
[0531/182137.380:ERROR:process_reader_win.cc(151)] SuspendThread: Access is denied. (0x5)
[0531/182137.344:ERROR:process_reader_win.cc(151)] SuspendThread: Access is denied. (0x5)
[0531/182137.381:ERROR:process_reader_win.cc(151)] SuspendThread: Access is denied. (0x5)
[0531/182137.381:ERROR:process_reader_win.cc(123)] NtOpenThread: {Access Denied} A process has requested access to an object, but has not been granted those access rights. (0xc0000022)
[0531/182137.381:ERROR:process_reader_win.cc(123)] NtOpenThread: {Access Denied} A process has requested access to an object, but has not been granted those access rights. (0xc0000022)
[0531/182137.394:ERROR:exception_snapshot_win.cc(98)] thread ID 2508 not found in process
[0531/182137.394:ERROR:exception_snapshot_win.cc(98)] thread ID 22568 not found in process
[0531/182137.387:ERROR:process_reader_win.cc(151)] SuspendThread: Access is denied. (0x5)
[0531/182137.423:ERROR:process_reader_win.cc(151)] SuspendThread: Access is denied. (0x5)
[0531/182137.395:ERROR:process_reader_win.cc(151)] SuspendThread: Access is denied. (0x5)
[0531/182137.402:ERROR:process_reader_win.cc(151)] SuspendThread: Access is denied. (0x5)
[0531/182137.426:ERROR:process_reader_win.cc(123)] NtOpenThread: {Access Denied} A process has requested access to an object, but has not been granted those access rights. (0xc0000022)
[0531/182137.436:ERROR:exception_snapshot_win.cc(98)] thread ID 1308 not found in process
[0531/182137.423:ERROR:process_reader_win.cc(123)] NtOpenThread: {Access Denied} A process has requested access to an object, but has not been granted those access rights. (0xc0000022)
[0531/182137.398:ERROR:process_reader_win.cc(151)] SuspendThread: Access is denied. (0x5)
[0531/182137.457:ERROR:process_reader_win.cc(151)] SuspendThread: Access is denied. (0x5)
[0531/182137.457:ERROR:process_reader_win.cc(151)] SuspendThread: Access is denied. (0x5)
[0531/182137.457:ERROR:process_reader_win.cc(151)] SuspendThread: Access is denied. (0x5)
[0531/182137.457:ERROR:process_reader_win.cc(151)] SuspendThread: Access is denied. (0x5)
[0531/182137.457:ERROR:process_reader_win.cc(151)] SuspendThread: Access is denied. (0x5)
[0531/182137.458:ERROR:process_reader_win.cc(151)] SuspendThread: Access is denied. (0x5)
[0531/182137.462:ERROR:process_reader_win.cc(151)] SuspendThread: Access is denied. (0x5)
[0531/182137.462:ERROR:process_reader_win.cc(151)] SuspendThread: Access is denied. (0x5)
[0531/182137.462:ERROR:process_reader_win.cc(151)] SuspendThread: Access is denied. (0x5)
[0531/182137.462:ERROR:process_reader_win.cc(123)] NtOpenThread: {Access Denied} A process has requested access to an object, but has not been granted those access rights. (0xc0000022)
[0531/182137.441:ERROR:process_reader_win.cc(123)] NtOpenThread: {Access Denied} A process has requested access to an object, but has not been granted those access rights. (0xc0000022)
[0531/182137.465:ERROR:exception_snapshot_win.cc(98)] thread ID 30648 not found in process
[0531/182137.465:ERROR:exception_snapshot_win.cc(98)] thread ID 25840 not found in process
[0531/182137.436:ERROR:process_reader_win.cc(123)] NtOpenThread: {Access Denied} A process has requested access to an object, but has not been granted those access rights. (0xc0000022)
[0531/182137.466:ERROR:exception_snapshot_win.cc(98)] thread ID 11408 not found in process
[0531/182137.466:ERROR:exception_snapshot_win.cc(98)] thread ID 31356 not found in process
[0531/182137.462:ERROR:process_reader_win.cc(151)] SuspendThread: Access is denied. (0x5)
[0531/182137.490:ERROR:process_reader_win.cc(151)] SuspendThread: Access is denied. (0x5)
[0531/182137.491:ERROR:process_reader_win.cc(151)] SuspendThread: Access is denied. (0x5)
[0531/182137.491:ERROR:process_reader_win.cc(151)] SuspendThread: Access is denied. (0x5)
[0531/182137.491:ERROR:process_reader_win.cc(151)] SuspendThread: Access is denied. (0x5)
[0531/182137.491:ERROR:process_reader_win.cc(151)] SuspendThread: Access is denied. (0x5)
[0531/182137.476:ERROR:process_reader_win.cc(151)] SuspendThread: Access is denied. (0x5)
[0531/182137.492:ERROR:process_reader_win.cc(123)] NtOpenThread: {Access Denied} A process has requested access to an object, but has not been granted those access rights. (0xc0000022)
[0531/182137.492:ERROR:exception_snapshot_win.cc(98)] thread ID 4592 not found in process
[0531/182137.502:ERROR:process_reader_win.cc(151)] SuspendThread: Access is denied. (0x5)
[0531/182137.502:ERROR:process_reader_win.cc(151)] SuspendThread: Access is denied. (0x5)
[0531/182137.502:ERROR:process_reader_win.cc(151)] SuspendThread: Access is denied. (0x5)
[0531/182137.502:ERROR:process_reader_win.cc(151)] SuspendThread: Access is denied. (0x5)
[0531/182137.502:ERROR:process_reader_win.cc(151)] SuspendThread: Access is denied. (0x5)
[0531/182137.502:ERROR:process_reader_win.cc(151)] SuspendThread: Access is denied. (0x5)
[0531/182137.502:ERROR:process_reader_win.cc(151)] SuspendThread: Access is denied. (0x5)
[0531/182137.502:ERROR:process_reader_win.cc(151)] SuspendThread: Access is denied. (0x5)
[0531/182137.502:ERROR:process_reader_win.cc(151)] SuspendThread: Access is denied. (0x5)
[0531/182137.491:ERROR:process_reader_win.cc(123)] NtOpenThread: {Access Denied} A process has requested access to an object, but has not been granted those access rights. (0xc0000022)
[0531/182137.502:ERROR:process_reader_win.cc(151)] SuspendThread: Access is denied. (0x5)
[0531/182137.502:ERROR:process_reader_win.cc(151)] SuspendThread: Access is denied. (0x5)
[0531/182137.502:ERROR:process_reader_win.cc(151)] SuspendThread: Access is denied. (0x5)
[0531/182137.503:ERROR:process_reader_win.cc(151)] SuspendThread: Access is denied. (0x5)
[0531/182137.503:ERROR:process_reader_win.cc(151)] SuspendThread: Access is denied. (0x5)
[0531/182137.503:ERROR:process_reader_win.cc(151)] SuspendThread: Access is denied. (0x5)
[0531/182137.503:ERROR:process_reader_win.cc(151)] SuspendThread: Access is denied. (0x5)
[0531/182137.503:ERROR:process_reader_win.cc(151)] SuspendThread: Access is denied. (0x5)
[0531/182137.502:ERROR:exception_snapshot_win.cc(98)] thread ID 5924 not found in process
[0531/182137.503:ERROR:process_reader_win.cc(151)] SuspendThread: Access is denied. (0x5)
[0531/182137.503:ERROR:process_reader_win.cc(151)] SuspendThread: Access is denied. (0x5)
[0531/182137.503:ERROR:process_reader_win.cc(123)] NtOpenThread: {Access Denied} A process has requested access to an object, but has not been granted those access rights. (0xc0000022)
[0531/182137.503:ERROR:exception_snapshot_win.cc(98)] thread ID 28464 not found in process
[0531/182137.550:ERROR:process_reader_win.cc(151)] SuspendThread: Access is denied. (0x5)
[0531/182137.550:ERROR:process_reader_win.cc(123)] NtOpenThread: {Access Denied} A process has requested access to an object, but has not been granted those access rights. (0xc0000022)
[0531/182137.550:ERROR:exception_snapshot_win.cc(98)] thread ID 23252 not found in process
[0531/182137.519:ERROR:process_reader_win.cc(151)] SuspendThread: Access is denied. (0x5)
[0531/182137.555:ERROR:process_reader_win.cc(151)] SuspendThread: Access is denied. (0x5)
[0531/182137.592:ERROR:process_reader_win.cc(151)] SuspendThread: Access is denied. (0x5)
[0531/182137.593:ERROR:process_reader_win.cc(123)] NtOpenThread: {Access Denied} A process has requested access to an object, but has not been granted those access rights. (0xc0000022)
[0531/182137.593:ERROR:exception_snapshot_win.cc(98)] thread ID 26480 not found in process
[0531/182137.636:ERROR:process_reader_win.cc(151)] SuspendThread: Access is denied. (0x5)
[0531/182137.636:ERROR:process_reader_win.cc(123)] NtOpenThread: {Access Denied} A process has requested access to an object, but has not been granted those access rights. (0xc0000022)
[0531/182137.636:ERROR:exception_snapshot_win.cc(98)] thread ID 18516 not found in process
[0531/182137.624:ERROR:process_reader_win.cc(151)] SuspendThread: Access is denied. (0x5)
[0531/182137.647:ERROR:process_reader_win.cc(151)] SuspendThread: Access is denied. (0x5)
[0531/182137.555:ERROR:process_reader_win.cc(123)] NtOpenThread: {Access Denied} A process has requested access to an object, but has not been granted those access rights. (0xc0000022)
[0531/182137.654:ERROR:exception_snapshot_win.cc(98)] thread ID 24928 not found in process
[0531/182137.647:ERROR:process_reader_win.cc(123)] NtOpenThread: {Access Denied} A process has requested access to an object, but has not been granted those access rights. (0xc0000022)
[0531/182137.664:ERROR:exception_snapshot_win.cc(98)] thread ID 16220 not found in process
[0531/182137.632:ERROR:process_reader_win.cc(123)] NtOpenThread: {Access Denied} A process has requested access to an object, but has not been granted those access rights. (0xc0000022)
[0531/182137.643:ERROR:process_reader_win.cc(151)] SuspendThread: Access is denied. (0x5)
[0531/182137.687:ERROR:process_reader_win.cc(151)] SuspendThread: Access is denied. (0x5)
[0531/182137.665:ERROR:exception_snapshot_win.cc(98)] thread ID 30696 not found in process
[0531/182137.697:ERROR:process_reader_win.cc(151)] SuspendThread: Access is denied. (0x5)
[0531/182137.698:ERROR:process_reader_win.cc(151)] SuspendThread: Access is denied. (0x5)
[0531/182137.698:ERROR:process_reader_win.cc(151)] SuspendThread: Access is denied. (0x5)
[0531/182137.698:ERROR:process_reader_win.cc(123)] NtOpenThread: {Access Denied} A process has requested access to an object, but has not been granted those access rights. (0xc0000022)
[0531/182137.698:ERROR:exception_snapshot_win.cc(98)] thread ID 25888 not found in process
[0531/182137.687:ERROR:process_reader_win.cc(123)] NtOpenThread: {Access Denied} A process has requested access to an object, but has not been granted those access rights. (0xc0000022)
[0531/182137.700:ERROR:exception_snapshot_win.cc(98)] thread ID 17188 not found in process
[0531/182137.705:ERROR:process_reader_win.cc(151)] SuspendThread: Access is denied. (0x5)
[0531/182137.705:ERROR:process_reader_win.cc(151)] SuspendThread: Access is denied. (0x5)
[0531/182137.705:ERROR:process_reader_win.cc(151)] SuspendThread: Access is denied. (0x5)
[0531/182137.705:ERROR:process_reader_win.cc(151)] SuspendThread: Access is denied. (0x5)
[0531/182137.705:ERROR:process_reader_win.cc(151)] SuspendThread: Access is denied. (0x5)
[0531/182137.705:ERROR:process_reader_win.cc(151)] SuspendThread: Access is denied. (0x5)
[0531/182137.705:ERROR:process_reader_win.cc(151)] SuspendThread: Access is denied. (0x5)
[0531/182137.705:ERROR:process_reader_win.cc(151)] SuspendThread: Access is denied. (0x5)
[0531/182137.705:ERROR:process_reader_win.cc(151)] SuspendThread: Access is denied. (0x5)
[0531/182137.705:ERROR:process_reader_win.cc(151)] SuspendThread: Access is denied. (0x5)
[0531/182137.705:ERROR:process_reader_win.cc(151)] SuspendThread: Access is denied. (0x5)
[0531/182137.705:ERROR:process_reader_win.cc(151)] SuspendThread: Access is denied. (0x5)
[0531/182137.705:ERROR:process_reader_win.cc(151)] SuspendThread: Access is denied. (0x5)
[0531/182137.705:ERROR:process_reader_win.cc(151)] SuspendThread: Access is denied. (0x5)
[0531/182137.705:ERROR:process_reader_win.cc(151)] SuspendThread: Access is denied. (0x5)
[0531/182137.705:ERROR:process_reader_win.cc(151)] SuspendThread: Access is denied. (0x5)
[0531/182137.705:ERROR:process_reader_win.cc(151)] SuspendThread: Access is denied. (0x5)
[0531/182137.705:ERROR:process_reader_win.cc(151)] SuspendThread: Access is denied. (0x5)
[0531/182137.705:ERROR:process_reader_win.cc(151)] SuspendThread: Access is denied. (0x5)
[0531/182137.705:ERROR:process_reader_win.cc(123)] NtOpenThread: {Access Denied} A process has requested access to an object, but has not been granted those access rights. (0xc0000022)
[0531/182137.707:ERROR:exception_snapshot_win.cc(98)] thread ID 28468 not found in process
[0531/182137.711:ERROR:process_reader_win.cc(151)] SuspendThread: Access is denied. (0x5)
[0531/182137.711:ERROR:process_reader_win.cc(151)] SuspendThread: Access is denied. (0x5)
[0531/182137.711:ERROR:process_reader_win.cc(151)] SuspendThread: Access is denied. (0x5)
[0531/182137.712:ERROR:process_reader_win.cc(151)] SuspendThread: Access is denied. (0x5)
[0531/182137.712:ERROR:process_reader_win.cc(151)] SuspendThread: Access is denied. (0x5)
[0531/182137.712:ERROR:process_reader_win.cc(151)] SuspendThread: Access is denied. (0x5)
[0531/182137.712:ERROR:process_reader_win.cc(151)] SuspendThread: Access is denied. (0x5)
[0531/182137.712:ERROR:process_reader_win.cc(151)] SuspendThread: Access is denied. (0x5)
[0531/182137.712:ERROR:process_reader_win.cc(151)] SuspendThread: Access is denied. (0x5)
[0531/182137.712:ERROR:process_reader_win.cc(151)] SuspendThread: Access is denied. (0x5)
[0531/182137.712:ERROR:process_reader_win.cc(151)] SuspendThread: Access is denied. (0x5)
[0531/182137.712:ERROR:process_reader_win.cc(151)] SuspendThread: Access is denied. (0x5)
[0531/182137.712:ERROR:process_reader_win.cc(151)] SuspendThread: Access is denied. (0x5)
[0531/182137.712:ERROR:process_reader_win.cc(151)] SuspendThread: Access is denied. (0x5)
[0531/182137.712:ERROR:process_reader_win.cc(151)] SuspendThread: Access is denied. (0x5)
[0531/182137.712:ERROR:process_reader_win.cc(151)] SuspendThread: Access is denied. (0x5)
[0531/182137.712:ERROR:process_reader_win.cc(151)] SuspendThread: Access is denied. (0x5)
[0531/182137.712:ERROR:process_reader_win.cc(151)] SuspendThread: Access is denied. (0x5)
[0531/182137.712:ERROR:process_reader_win.cc(123)] NtOpenThread: {Access Denied} A process has requested access to an object, but has not been granted those access rights. (0xc0000022)
[0531/182137.712:ERROR:exception_snapshot_win.cc(98)] thread ID 16616 not found in process
[0531/182137.717:ERROR:process_reader_win.cc(151)] SuspendThread: Access is denied. (0x5)
[0531/182137.717:ERROR:process_reader_win.cc(151)] SuspendThread: Access is denied. (0x5)
[0531/182137.717:ERROR:process_reader_win.cc(151)] SuspendThread: Access is denied. (0x5)
[0531/182137.717:ERROR:process_reader_win.cc(151)] SuspendThread: Access is denied. (0x5)
[0531/182137.717:ERROR:process_reader_win.cc(151)] SuspendThread: Access is denied. (0x5)
[0531/182137.717:ERROR:process_reader_win.cc(151)] SuspendThread: Access is denied. (0x5)
[0531/182137.717:ERROR:process_reader_win.cc(151)] SuspendThread: Access is denied. (0x5)
[0531/182137.717:ERROR:process_reader_win.cc(151)] SuspendThread: Access is denied. (0x5)
[0531/182137.717:ERROR:process_reader_win.cc(151)] SuspendThread: Access is denied. (0x5)
[0531/182137.717:ERROR:process_reader_win.cc(151)] SuspendThread: Access is denied. (0x5)
[0531/182137.717:ERROR:process_reader_win.cc(151)] SuspendThread: Access is denied. (0x5)
[0531/182137.717:ERROR:process_reader_win.cc(123)] NtOpenThread: {Access Denied} A process has requested access to an object, but has not been granted those access rights. (0xc0000022)
[0531/182137.718:ERROR:exception_snapshot_win.cc(98)] thread ID 13328 not found in process
[0531/182137.757:ERROR:process_reader_win.cc(151)] SuspendThread: Access is denied. (0x5)
[0531/182137.758:ERROR:process_reader_win.cc(151)] SuspendThread: Access is denied. (0x5)
[0531/182137.758:ERROR:process_reader_win.cc(123)] NtOpenThread: {Access Denied} A process has requested access to an object, but has not been granted those access rights. (0xc0000022)
[0531/182137.758:ERROR:exception_snapshot_win.cc(98)] thread ID 26812 not found in process
[0531/182137.764:ERROR:process_reader_win.cc(123)] NtOpenThread: {Access Denied} A process has requested access to an object, but has not been granted those access rights. (0xc0000022)
[0531/182137.764:ERROR:exception_snapshot_win.cc(98)] thread ID 15252 not found in process
[0531/182137.778:ERROR:process_reader_win.cc(123)] NtOpenThread: {Access Denied} A process has requested access to an object, but has not been granted those access rights. (0xc0000022)
[0531/182137.778:ERROR:exception_snapshot_win.cc(98)] thread ID 29600 not found in process
[0531/182137.759:ERROR:process_reader_win.cc(151)] SuspendThread: Access is denied. (0x5)
[0531/182137.783:ERROR:process_reader_win.cc(151)] SuspendThread: Access is denied. (0x5)
[0531/182137.783:ERROR:process_reader_win.cc(151)] SuspendThread: Access is denied. (0x5)
[0531/182137.783:ERROR:process_reader_win.cc(151)] SuspendThread: Access is denied. (0x5)
[0531/182137.783:ERROR:process_reader_win.cc(151)] SuspendThread: Access is denied. (0x5)
[0531/182137.783:ERROR:process_reader_win.cc(151)] SuspendThread: Access is denied. (0x5)
[0531/182137.783:ERROR:process_reader_win.cc(151)] SuspendThread: Access is denied. (0x5)
[0531/182137.783:ERROR:process_reader_win.cc(123)] NtOpenThread: {Access Denied} A process has requested access to an object, but has not been granted those access rights. (0xc0000022)
[0531/182137.800:ERROR:exception_snapshot_win.cc(98)] thread ID 20052 not found in process
[0531/182137.806:ERROR:process_reader_win.cc(151)] SuspendThread: Access is denied. (0x5)
[0531/182137.807:ERROR:process_reader_win.cc(151)] SuspendThread: Access is denied. (0x5)
[0531/182137.807:ERROR:process_reader_win.cc(123)] NtOpenThread: {Access Denied} A process has requested access to an object, but has not been granted those access rights. (0xc0000022)
[0531/182137.807:ERROR:exception_snapshot_win.cc(98)] thread ID 24992 not found in process
[0531/182137.822:ERROR:process_reader_win.cc(123)] NtOpenThread: {Access Denied} A process has requested access to an object, but has not been granted those access rights. (0xc0000022)
[0531/182137.822:ERROR:exception_snapshot_win.cc(98)] thread ID 17960 not found in process
[0531/183416.142:ERROR:process_reader_win.cc(123)] NtOpenThread: {Access Denied} A process has requested access to an object, but has not been granted those access rights. (0xc0000022)
[0531/183416.151:ERROR:exception_snapshot_win.cc(98)] thread ID 23080 not found in process
[0531/183416.154:ERROR:process_reader_win.cc(123)] NtOpenThread: {Access Denied} A process has requested access to an object, but has not been granted those access rights. (0xc0000022)
[0531/183416.155:ERROR:exception_snapshot_win.cc(98)] thread ID 27816 not found in process
[0531/183546.203:ERROR:process_reader_win.cc(123)] NtOpenThread: {Access Denied} A process has requested access to an object, but has not been granted those access rights. (0xc0000022)
[0531/183546.210:ERROR:exception_snapshot_win.cc(98)] thread ID 16616 not found in process
[0531/183546.222:ERROR:process_reader_win.cc(123)] NtOpenThread: {Access Denied} A process has requested access to an object, but has not been granted those access rights. (0xc0000022)
[0531/183546.223:ERROR:exception_snapshot_win.cc(98)] thread ID 29508 not found in process
[0531/184151.596:ERROR:process_reader_win.cc(123)] NtOpenThread: {Access Denied} A process has requested access to an object, but has not been granted those access rights. (0xc0000022)
[0531/184151.603:ERROR:exception_snapshot_win.cc(98)] thread ID 10600 not found in process
[0531/184151.608:ERROR:process_reader_win.cc(123)] NtOpenThread: {Access Denied} A process has requested access to an object, but has not been granted those access rights. (0xc0000022)
[0531/184151.608:ERROR:exception_snapshot_win.cc(98)] thread ID 25612 not found in process
[0601/060823.132:ERROR:process_reader_win.cc(123)] NtOpenThread: {Access Denied} A process has requested access to an object, but has not been granted those access rights. (0xc0000022)
[0601/060823.140:ERROR:exception_snapshot_win.cc(98)] thread ID 28228 not found in process
[0601/060823.141:ERROR:process_reader_win.cc(123)] NtOpenThread: {Access Denied} A process has requested access to an object, but has not been granted those access rights. (0xc0000022)
[0601/060823.141:ERROR:exception_snapshot_win.cc(98)] thread ID 7528 not found in process
[0601/183955.451:ERROR:process_reader_win.cc(123)] NtOpenThread: {Access Denied} A process has requested access to an object, but has not been granted those access rights. (0xc0000022)
[0601/183955.461:ERROR:exception_snapshot_win.cc(98)] thread ID 21696 not found in process
[0601/183955.466:ERROR:process_reader_win.cc(123)] NtOpenThread: {Access Denied} A process has requested access to an object, but has not been granted those access rights. (0xc0000022)
[0601/183955.467:ERROR:exception_snapshot_win.cc(98)] thread ID 19720 not found in process
